#
# There is insufficient memory for the Java Runtime Environment to continue.
# Native memory allocation (malloc) failed to allocate 1356272 bytes for Chunk::new
# Possible reasons:
#   The system is out of physical RAM or swap space
#   The process is running with CompressedOops enabled, and the Java Heap may be blocking the growth of the native heap
# Possible solutions:
#   Reduce memory load on the system
#   Increase physical memory or swap space
#   Check if swap backing store is full
#   Decrease Java heap size (-Xmx/-Xms)
#   Decrease number of Java threads
#   Decrease Java thread stack sizes (-Xss)
#   Set larger code cache with -XX:ReservedCodeCacheSize=
#   JVM is running with Unscaled Compressed Oops mode in which the Java heap is
#     placed in the first 4GB address space. The Java Heap base address is the
#     maximum limit for the native heap growth. Please use -XX:HeapBaseMinAddress
#     to set the Java Heap base and to place the Java Heap above 4GB virtual address.
# This output file may be truncated or incomplete.
#
#  Out of Memory Error (arena.cpp:189), pid=32136, tid=34172
#
# JRE version: Java(TM) SE Runtime Environment (17.0.8+9) (build 17.0.8+9-LTS-211)
# Java VM: Java HotSpot(TM) 64-Bit Server VM (17.0.8+9-LTS-211, mixed mode, sharing, tiered, compressed oops, compressed class ptrs, g1 gc, windows-amd64)
# No core dump will be written. Minidumps are not enabled by default on client versions of Windows
#

---------------  S U M M A R Y ------------

Command Line: --add-opens=java.base/java.util=ALL-UNNAMED --add-opens=java.base/java.lang=ALL-UNNAMED --add-opens=java.base/java.lang.invoke=ALL-UNNAMED --add-opens=java.prefs/java.util.prefs=ALL-UNNAMED --add-opens=java.base/java.nio.charset=ALL-UNNAMED --add-opens=java.base/java.net=ALL-UNNAMED --add-opens=java.base/java.util.concurrent.atomic=ALL-UNNAMED -XX:MaxMetaspaceSize=384m -XX:+HeapDumpOnOutOfMemoryError -Xms256m -Xmx512m -Dfile.encoding=windows-1252 -Duser.country=AR -Duser.language=es -Duser.variant -javaagent:C:\Tools\gradle-8.3-bin\gradle-8.3\lib\agents\gradle-instrumentation-agent-8.3.jar org.gradle.launcher.daemon.bootstrap.GradleDaemon 8.3

Host: Intel(R) Core(TM) i5-8265U CPU @ 1.60GHz, 8 cores, 7G,  Windows 11 , 64 bit Build 22621 (10.0.22621.2215)
Time: Wed Oct 11 22:20:27 2023 Hora estándar de Argentina elapsed time: 127.216408 seconds (0d 0h 2m 7s)

---------------  T H R E A D  ---------------

Current thread (0x000001c1219e4550):  JavaThread "C2 CompilerThread1" daemon [_thread_in_native, id=34172, stack(0x000000b783000000,0x000000b783100000)]


Current CompileTask:
C2: 127216 2654       4       java.net.URLClassLoader$1::run (5 bytes)

Stack: [0x000000b783000000,0x000000b783100000]
Native frames: (J=compiled Java code, j=interpreted, Vv=VM code, C=native code)
V  [jvm.dll+0x677d0a]
V  [jvm.dll+0x7d8c54]
V  [jvm.dll+0x7da3fe]
V  [jvm.dll+0x7daa63]
V  [jvm.dll+0x245c5f]
V  [jvm.dll+0xaaa6b]
V  [jvm.dll+0xab00c]
V  [jvm.dll+0x361e8e]
V  [jvm.dll+0x1bb87a]
V  [jvm.dll+0x218157]
V  [jvm.dll+0x217431]
V  [jvm.dll+0x1a3af0]
V  [jvm.dll+0x2270be]
V  [jvm.dll+0x22535b]
V  [jvm.dll+0x78e7bc]
V  [jvm.dll+0x788bba]
V  [jvm.dll+0x676b35]
C  [ucrtbase.dll+0x29363]
C  [KERNEL32.DLL+0x1257d]
C  [ntdll.dll+0x5aa68]


---------------  P R O C E S S  ---------------

Threads class SMR info:
_java_thread_list=0x000001c13d9c48c0, length=27, elements={
0x000001c106d209c0, 0x000001c121609360, 0x000001c12160a1d0, 0x000001c12161e090,
0x000001c12161ec40, 0x000001c121621b10, 0x000001c1216234d0, 0x000001c1216297d0,
0x000001c12162a270, 0x000001c12163f580, 0x000001c1218684a0, 0x000001c12196baf0,
0x000001c13c57d010, 0x000001c1218f0070, 0x000001c13bc36530, 0x000001c13c439c00,
0x000001c13c43b8e0, 0x000001c13c439260, 0x000001c13c43aa70, 0x000001c13c43af40,
0x000001c13c43b410, 0x000001c13c43a0d0, 0x000001c13c43a5a0, 0x000001c13c4388c0,
0x000001c1219e4550, 0x000001c13c43bdb0, 0x000001c13d7ada90
}

Java Threads: ( => current thread )
  0x000001c106d209c0 JavaThread "main" [_thread_blocked, id=31032, stack(0x000000b780f00000,0x000000b781000000)]
  0x000001c121609360 JavaThread "Reference Handler" daemon [_thread_blocked, id=12216, stack(0x000000b781600000,0x000000b781700000)]
  0x000001c12160a1d0 JavaThread "Finalizer" daemon [_thread_blocked, id=16456, stack(0x000000b781700000,0x000000b781800000)]
  0x000001c12161e090 JavaThread "Signal Dispatcher" daemon [_thread_blocked, id=1956, stack(0x000000b781800000,0x000000b781900000)]
  0x000001c12161ec40 JavaThread "Attach Listener" daemon [_thread_blocked, id=31756, stack(0x000000b781900000,0x000000b781a00000)]
  0x000001c121621b10 JavaThread "Service Thread" daemon [_thread_blocked, id=33148, stack(0x000000b781a00000,0x000000b781b00000)]
  0x000001c1216234d0 JavaThread "Monitor Deflation Thread" daemon [_thread_blocked, id=16260, stack(0x000000b781b00000,0x000000b781c00000)]
  0x000001c1216297d0 JavaThread "C2 CompilerThread0" daemon [_thread_blocked, id=24548, stack(0x000000b781c00000,0x000000b781d00000)]
  0x000001c12162a270 JavaThread "C1 CompilerThread0" daemon [_thread_blocked, id=23348, stack(0x000000b781d00000,0x000000b781e00000)]
  0x000001c12163f580 JavaThread "Sweeper thread" daemon [_thread_blocked, id=30704, stack(0x000000b781e00000,0x000000b781f00000)]
  0x000001c1218684a0 JavaThread "Common-Cleaner" daemon [_thread_blocked, id=27560, stack(0x000000b781f00000,0x000000b782000000)]
  0x000001c12196baf0 JavaThread "Notification Thread" daemon [_thread_blocked, id=10216, stack(0x000000b782000000,0x000000b782100000)]
  0x000001c13c57d010 JavaThread "Daemon health stats" [_thread_blocked, id=30516, stack(0x000000b782200000,0x000000b782300000)]
  0x000001c1218f0070 JavaThread "Incoming local TCP Connector on port 63327" [_thread_in_native, id=33708, stack(0x000000b782800000,0x000000b782900000)]
  0x000001c13bc36530 JavaThread "Daemon periodic checks" [_thread_blocked, id=6684, stack(0x000000b782900000,0x000000b782a00000)]
  0x000001c13c439c00 JavaThread "Cache worker for journal cache (C:\Users\mceci\.gradle\caches\journal-1)" [_thread_blocked, id=4380, stack(0x000000b783100000,0x000000b783200000)]
  0x000001c13c43b8e0 JavaThread "File lock request listener" [_thread_in_native, id=2828, stack(0x000000b783200000,0x000000b783300000)]
  0x000001c13c439260 JavaThread "Daemon Thread 2" [_thread_blocked, id=30960, stack(0x000000b780c00000,0x000000b780d00000)]
  0x000001c13c43aa70 JavaThread "Handler for socket connection from /127.0.0.1:63327 to /127.0.0.1:63348" [_thread_in_native, id=23916, stack(0x000000b780d00000,0x000000b780e00000)]
  0x000001c13c43af40 JavaThread "Cancel handler" [_thread_blocked, id=8808, stack(0x000000b780e00000,0x000000b780f00000)]
  0x000001c13c43b410 JavaThread "Daemon worker Thread 2" [_thread_in_native, id=27220, stack(0x000000b782a00000,0x000000b782b00000)]
  0x000001c13c43a0d0 JavaThread "Asynchronous log dispatcher for DefaultDaemonConnection: socket connection from /127.0.0.1:63327 to /127.0.0.1:63348" [_thread_blocked, id=30680, stack(0x000000b782d00000,0x000000b782e00000)]
  0x000001c13c43a5a0 JavaThread "Stdin handler" [_thread_blocked, id=11356, stack(0x000000b782e00000,0x000000b782f00000)]
  0x000001c13c4388c0 JavaThread "Daemon client event forwarder" [_thread_blocked, id=11536, stack(0x000000b782f00000,0x000000b783000000)]
=>0x000001c1219e4550 JavaThread "C2 CompilerThread1" daemon [_thread_in_native, id=34172, stack(0x000000b783000000,0x000000b783100000)]
  0x000001c13c43bdb0 JavaThread "Cache worker for file hash cache (C:\Users\mceci\.gradle\caches\8.3\fileHashes)" [_thread_blocked, id=29900, stack(0x000000b783300000,0x000000b783400000)]
  0x000001c13d7ada90 JavaThread "C2 CompilerThread2" daemon [_thread_in_native, id=4352, stack(0x000000b783400000,0x000000b783500000)]

Other Threads:
  0x000001c1215ff340 VMThread "VM Thread" [stack: 0x000000b781500000,0x000000b781600000] [id=29200]
  0x000001c121966390 WatcherThread [stack: 0x000000b782100000,0x000000b782200000] [id=14308]
  0x000001c106d4df60 GCTaskThread "GC Thread#0" [stack: 0x000000b781000000,0x000000b781100000] [id=31056]
  0x000001c13b82ac10 GCTaskThread "GC Thread#1" [stack: 0x000000b782300000,0x000000b782400000] [id=24532]
  0x000001c13b82aec0 GCTaskThread "GC Thread#2" [stack: 0x000000b782400000,0x000000b782500000] [id=19584]
  0x000001c13b859eb0 GCTaskThread "GC Thread#3" [stack: 0x000000b782500000,0x000000b782600000] [id=25404]
  0x000001c13b85ad40 GCTaskThread "GC Thread#4" [stack: 0x000000b782600000,0x000000b782700000] [id=26264]
  0x000001c121a80dc0 GCTaskThread "GC Thread#5" [stack: 0x000000b782700000,0x000000b782800000] [id=20648]
  0x000001c106d52ea0 ConcurrentGCThread "G1 Main Marker" [stack: 0x000000b781100000,0x000000b781200000] [id=23264]
  0x000001c106d54050 ConcurrentGCThread "G1 Conc#0" [stack: 0x000000b781200000,0x000000b781300000] [id=25328]
  0x000001c106dee8c0 ConcurrentGCThread "G1 Refine#0" [stack: 0x000000b781300000,0x000000b781400000] [id=29144]
  0x000001c1214c2820 ConcurrentGCThread "G1 Service" [stack: 0x000000b781400000,0x000000b781500000] [id=31072]

Threads with active compile tasks:
C2 CompilerThread1   127313 2654       4       java.net.URLClassLoader$1::run (5 bytes)
C2 CompilerThread2   127313 2655   !   4       java.net.URLClassLoader$1::run (81 bytes)

VM state: not at safepoint (normal execution)

VM Mutex/Monitor currently owned by a thread:  ([mutex/lock_event])
[0x000001c106d1a650] Compile_lock - owner thread: 0x0000000000000000

Heap address: 0x00000000e0000000, size: 512 MB, Compressed Oops mode: 32-bit

CDS archive(s) mapped at: [0x000001c122000000-0x000001c122bd0000-0x000001c122bd0000), size 12386304, SharedBaseAddress: 0x000001c122000000, ArchiveRelocationMode: 1.
Compressed class space mapped at: 0x000001c123000000-0x000001c137000000, reserved size: 335544320
Narrow klass base: 0x000001c122000000, Narrow klass shift: 0, Narrow klass range: 0x100000000

GC Precious Log:
 CPUs: 8 total, 8 available
 Memory: 8013M
 Large Page Support: Disabled
 NUMA Support: Disabled
 Compressed Oops: Enabled (32-bit)
 Heap Region Size: 1M
 Heap Min Capacity: 256M
 Heap Initial Capacity: 256M
 Heap Max Capacity: 512M
 Pre-touch: Disabled
 Parallel Workers: 8
 Concurrent Workers: 2
 Concurrent Refinement Workers: 8
 Periodic GC: Disabled

Heap:
 garbage-first heap   total 262144K, used 111219K [0x00000000e0000000, 0x0000000100000000)
  region size 1024K, 99 young (101376K), 4 survivors (4096K)
 Metaspace       used 19428K, committed 19712K, reserved 393216K
  class space    used 2824K, committed 2944K, reserved 327680K

Heap Regions: E=young(eden), S=young(survivor), O=old, HS=humongous(starts), HC=humongous(continues), CS=collection set, F=free, OA=open archive, CA=closed archive, TAMS=top-at-mark-start (previous, next)
|   0|0x00000000e0000000, 0x00000000e0100000, 0x00000000e0100000|100%|HS|  |TAMS 0x00000000e0000000, 0x00000000e0000000| Complete 
|   1|0x00000000e0100000, 0x00000000e0200000, 0x00000000e0200000|100%|HC|  |TAMS 0x00000000e0100000, 0x00000000e0100000| Complete 
|   2|0x00000000e0200000, 0x00000000e0300000, 0x00000000e0300000|100%|HC|  |TAMS 0x00000000e0200000, 0x00000000e0200000| Complete 
|   3|0x00000000e0300000, 0x00000000e0400000, 0x00000000e0400000|100%|HC|  |TAMS 0x00000000e0300000, 0x00000000e0300000| Complete 
|   4|0x00000000e0400000, 0x00000000e0500000, 0x00000000e0500000|100%| O|  |TAMS 0x00000000e0400000, 0x00000000e0400000| Untracked 
|   5|0x00000000e0500000, 0x00000000e0600000, 0x00000000e0600000|100%| O|  |TAMS 0x00000000e0500000, 0x00000000e0500000| Untracked 
|   6|0x00000000e0600000, 0x00000000e0700000, 0x00000000e0700000|100%| O|  |TAMS 0x00000000e0600000, 0x00000000e0600000| Untracked 
|   7|0x00000000e0700000, 0x00000000e0800000, 0x00000000e0800000|100%| O|  |TAMS 0x00000000e0700000, 0x00000000e0700000| Untracked 
|   8|0x00000000e0800000, 0x00000000e0800000, 0x00000000e0900000|  0%| F|  |TAMS 0x00000000e0800000, 0x00000000e0800000| Untracked 
|   9|0x00000000e0900000, 0x00000000e0a00000, 0x00000000e0a00000|100%| O|  |TAMS 0x00000000e0900000, 0x00000000e0900000| Untracked 
|  10|0x00000000e0a00000, 0x00000000e0b00000, 0x00000000e0b00000|100%| O|  |TAMS 0x00000000e0a00000, 0x00000000e0a00000| Untracked 
|  11|0x00000000e0b00000, 0x00000000e0b9cc00, 0x00000000e0c00000| 61%| O|  |TAMS 0x00000000e0b00000, 0x00000000e0b00000| Untracked 
|  12|0x00000000e0c00000, 0x00000000e0c00000, 0x00000000e0d00000|  0%| F|  |TAMS 0x00000000e0c00000, 0x00000000e0c00000| Untracked 
|  13|0x00000000e0d00000, 0x00000000e0d00000, 0x00000000e0e00000|  0%| F|  |TAMS 0x00000000e0d00000, 0x00000000e0d00000| Untracked 
|  14|0x00000000e0e00000, 0x00000000e0e00000, 0x00000000e0f00000|  0%| F|  |TAMS 0x00000000e0e00000, 0x00000000e0e00000| Untracked 
|  15|0x00000000e0f00000, 0x00000000e0f00000, 0x00000000e1000000|  0%| F|  |TAMS 0x00000000e0f00000, 0x00000000e0f00000| Untracked 
|  16|0x00000000e1000000, 0x00000000e1000000, 0x00000000e1100000|  0%| F|  |TAMS 0x00000000e1000000, 0x00000000e1000000| Untracked 
|  17|0x00000000e1100000, 0x00000000e1100000, 0x00000000e1200000|  0%| F|  |TAMS 0x00000000e1100000, 0x00000000e1100000| Untracked 
|  18|0x00000000e1200000, 0x00000000e1200000, 0x00000000e1300000|  0%| F|  |TAMS 0x00000000e1200000, 0x00000000e1200000| Untracked 
|  19|0x00000000e1300000, 0x00000000e1300000, 0x00000000e1400000|  0%| F|  |TAMS 0x00000000e1300000, 0x00000000e1300000| Untracked 
|  20|0x00000000e1400000, 0x00000000e1400000, 0x00000000e1500000|  0%| F|  |TAMS 0x00000000e1400000, 0x00000000e1400000| Untracked 
|  21|0x00000000e1500000, 0x00000000e1500000, 0x00000000e1600000|  0%| F|  |TAMS 0x00000000e1500000, 0x00000000e1500000| Untracked 
|  22|0x00000000e1600000, 0x00000000e1600000, 0x00000000e1700000|  0%| F|  |TAMS 0x00000000e1600000, 0x00000000e1600000| Untracked 
|  23|0x00000000e1700000, 0x00000000e1700000, 0x00000000e1800000|  0%| F|  |TAMS 0x00000000e1700000, 0x00000000e1700000| Untracked 
|  24|0x00000000e1800000, 0x00000000e1800000, 0x00000000e1900000|  0%| F|  |TAMS 0x00000000e1800000, 0x00000000e1800000| Untracked 
|  25|0x00000000e1900000, 0x00000000e1900000, 0x00000000e1a00000|  0%| F|  |TAMS 0x00000000e1900000, 0x00000000e1900000| Untracked 
|  26|0x00000000e1a00000, 0x00000000e1a00000, 0x00000000e1b00000|  0%| F|  |TAMS 0x00000000e1a00000, 0x00000000e1a00000| Untracked 
|  27|0x00000000e1b00000, 0x00000000e1b00000, 0x00000000e1c00000|  0%| F|  |TAMS 0x00000000e1b00000, 0x00000000e1b00000| Untracked 
|  28|0x00000000e1c00000, 0x00000000e1c00000, 0x00000000e1d00000|  0%| F|  |TAMS 0x00000000e1c00000, 0x00000000e1c00000| Untracked 
|  29|0x00000000e1d00000, 0x00000000e1d00000, 0x00000000e1e00000|  0%| F|  |TAMS 0x00000000e1d00000, 0x00000000e1d00000| Untracked 
|  30|0x00000000e1e00000, 0x00000000e1e00000, 0x00000000e1f00000|  0%| F|  |TAMS 0x00000000e1e00000, 0x00000000e1e00000| Untracked 
|  31|0x00000000e1f00000, 0x00000000e1f00000, 0x00000000e2000000|  0%| F|  |TAMS 0x00000000e1f00000, 0x00000000e1f00000| Untracked 
|  32|0x00000000e2000000, 0x00000000e2000000, 0x00000000e2100000|  0%| F|  |TAMS 0x00000000e2000000, 0x00000000e2000000| Untracked 
|  33|0x00000000e2100000, 0x00000000e2100000, 0x00000000e2200000|  0%| F|  |TAMS 0x00000000e2100000, 0x00000000e2100000| Untracked 
|  34|0x00000000e2200000, 0x00000000e2200000, 0x00000000e2300000|  0%| F|  |TAMS 0x00000000e2200000, 0x00000000e2200000| Untracked 
|  35|0x00000000e2300000, 0x00000000e2300000, 0x00000000e2400000|  0%| F|  |TAMS 0x00000000e2300000, 0x00000000e2300000| Untracked 
|  36|0x00000000e2400000, 0x00000000e2400000, 0x00000000e2500000|  0%| F|  |TAMS 0x00000000e2400000, 0x00000000e2400000| Untracked 
|  37|0x00000000e2500000, 0x00000000e2500000, 0x00000000e2600000|  0%| F|  |TAMS 0x00000000e2500000, 0x00000000e2500000| Untracked 
|  38|0x00000000e2600000, 0x00000000e2600000, 0x00000000e2700000|  0%| F|  |TAMS 0x00000000e2600000, 0x00000000e2600000| Untracked 
|  39|0x00000000e2700000, 0x00000000e2700000, 0x00000000e2800000|  0%| F|  |TAMS 0x00000000e2700000, 0x00000000e2700000| Untracked 
|  40|0x00000000e2800000, 0x00000000e2800000, 0x00000000e2900000|  0%| F|  |TAMS 0x00000000e2800000, 0x00000000e2800000| Untracked 
|  41|0x00000000e2900000, 0x00000000e2900000, 0x00000000e2a00000|  0%| F|  |TAMS 0x00000000e2900000, 0x00000000e2900000| Untracked 
|  42|0x00000000e2a00000, 0x00000000e2a00000, 0x00000000e2b00000|  0%| F|  |TAMS 0x00000000e2a00000, 0x00000000e2a00000| Untracked 
|  43|0x00000000e2b00000, 0x00000000e2b00000, 0x00000000e2c00000|  0%| F|  |TAMS 0x00000000e2b00000, 0x00000000e2b00000| Untracked 
|  44|0x00000000e2c00000, 0x00000000e2c00000, 0x00000000e2d00000|  0%| F|  |TAMS 0x00000000e2c00000, 0x00000000e2c00000| Untracked 
|  45|0x00000000e2d00000, 0x00000000e2d00000, 0x00000000e2e00000|  0%| F|  |TAMS 0x00000000e2d00000, 0x00000000e2d00000| Untracked 
|  46|0x00000000e2e00000, 0x00000000e2e00000, 0x00000000e2f00000|  0%| F|  |TAMS 0x00000000e2e00000, 0x00000000e2e00000| Untracked 
|  47|0x00000000e2f00000, 0x00000000e2f00000, 0x00000000e3000000|  0%| F|  |TAMS 0x00000000e2f00000, 0x00000000e2f00000| Untracked 
|  48|0x00000000e3000000, 0x00000000e3000000, 0x00000000e3100000|  0%| F|  |TAMS 0x00000000e3000000, 0x00000000e3000000| Untracked 
|  49|0x00000000e3100000, 0x00000000e3100000, 0x00000000e3200000|  0%| F|  |TAMS 0x00000000e3100000, 0x00000000e3100000| Untracked 
|  50|0x00000000e3200000, 0x00000000e3200000, 0x00000000e3300000|  0%| F|  |TAMS 0x00000000e3200000, 0x00000000e3200000| Untracked 
|  51|0x00000000e3300000, 0x00000000e3300000, 0x00000000e3400000|  0%| F|  |TAMS 0x00000000e3300000, 0x00000000e3300000| Untracked 
|  52|0x00000000e3400000, 0x00000000e3400000, 0x00000000e3500000|  0%| F|  |TAMS 0x00000000e3400000, 0x00000000e3400000| Untracked 
|  53|0x00000000e3500000, 0x00000000e3500000, 0x00000000e3600000|  0%| F|  |TAMS 0x00000000e3500000, 0x00000000e3500000| Untracked 
|  54|0x00000000e3600000, 0x00000000e3600000, 0x00000000e3700000|  0%| F|  |TAMS 0x00000000e3600000, 0x00000000e3600000| Untracked 
|  55|0x00000000e3700000, 0x00000000e3700000, 0x00000000e3800000|  0%| F|  |TAMS 0x00000000e3700000, 0x00000000e3700000| Untracked 
|  56|0x00000000e3800000, 0x00000000e3800000, 0x00000000e3900000|  0%| F|  |TAMS 0x00000000e3800000, 0x00000000e3800000| Untracked 
|  57|0x00000000e3900000, 0x00000000e3900000, 0x00000000e3a00000|  0%| F|  |TAMS 0x00000000e3900000, 0x00000000e3900000| Untracked 
|  58|0x00000000e3a00000, 0x00000000e3a00000, 0x00000000e3b00000|  0%| F|  |TAMS 0x00000000e3a00000, 0x00000000e3a00000| Untracked 
|  59|0x00000000e3b00000, 0x00000000e3b00000, 0x00000000e3c00000|  0%| F|  |TAMS 0x00000000e3b00000, 0x00000000e3b00000| Untracked 
|  60|0x00000000e3c00000, 0x00000000e3c00000, 0x00000000e3d00000|  0%| F|  |TAMS 0x00000000e3c00000, 0x00000000e3c00000| Untracked 
|  61|0x00000000e3d00000, 0x00000000e3d00000, 0x00000000e3e00000|  0%| F|  |TAMS 0x00000000e3d00000, 0x00000000e3d00000| Untracked 
|  62|0x00000000e3e00000, 0x00000000e3e00000, 0x00000000e3f00000|  0%| F|  |TAMS 0x00000000e3e00000, 0x00000000e3e00000| Untracked 
|  63|0x00000000e3f00000, 0x00000000e3f00000, 0x00000000e4000000|  0%| F|  |TAMS 0x00000000e3f00000, 0x00000000e3f00000| Untracked 
|  64|0x00000000e4000000, 0x00000000e4000000, 0x00000000e4100000|  0%| F|  |TAMS 0x00000000e4000000, 0x00000000e4000000| Untracked 
|  65|0x00000000e4100000, 0x00000000e4100000, 0x00000000e4200000|  0%| F|  |TAMS 0x00000000e4100000, 0x00000000e4100000| Untracked 
|  66|0x00000000e4200000, 0x00000000e4200000, 0x00000000e4300000|  0%| F|  |TAMS 0x00000000e4200000, 0x00000000e4200000| Untracked 
|  67|0x00000000e4300000, 0x00000000e4300000, 0x00000000e4400000|  0%| F|  |TAMS 0x00000000e4300000, 0x00000000e4300000| Untracked 
|  68|0x00000000e4400000, 0x00000000e4400000, 0x00000000e4500000|  0%| F|  |TAMS 0x00000000e4400000, 0x00000000e4400000| Untracked 
|  69|0x00000000e4500000, 0x00000000e4500000, 0x00000000e4600000|  0%| F|  |TAMS 0x00000000e4500000, 0x00000000e4500000| Untracked 
|  70|0x00000000e4600000, 0x00000000e4600000, 0x00000000e4700000|  0%| F|  |TAMS 0x00000000e4600000, 0x00000000e4600000| Untracked 
|  71|0x00000000e4700000, 0x00000000e4700000, 0x00000000e4800000|  0%| F|  |TAMS 0x00000000e4700000, 0x00000000e4700000| Untracked 
|  72|0x00000000e4800000, 0x00000000e4800000, 0x00000000e4900000|  0%| F|  |TAMS 0x00000000e4800000, 0x00000000e4800000| Untracked 
|  73|0x00000000e4900000, 0x00000000e4900000, 0x00000000e4a00000|  0%| F|  |TAMS 0x00000000e4900000, 0x00000000e4900000| Untracked 
|  74|0x00000000e4a00000, 0x00000000e4a00000, 0x00000000e4b00000|  0%| F|  |TAMS 0x00000000e4a00000, 0x00000000e4a00000| Untracked 
|  75|0x00000000e4b00000, 0x00000000e4b00000, 0x00000000e4c00000|  0%| F|  |TAMS 0x00000000e4b00000, 0x00000000e4b00000| Untracked 
|  76|0x00000000e4c00000, 0x00000000e4c00000, 0x00000000e4d00000|  0%| F|  |TAMS 0x00000000e4c00000, 0x00000000e4c00000| Untracked 
|  77|0x00000000e4d00000, 0x00000000e4d00000, 0x00000000e4e00000|  0%| F|  |TAMS 0x00000000e4d00000, 0x00000000e4d00000| Untracked 
|  78|0x00000000e4e00000, 0x00000000e4e00000, 0x00000000e4f00000|  0%| F|  |TAMS 0x00000000e4e00000, 0x00000000e4e00000| Untracked 
|  79|0x00000000e4f00000, 0x00000000e4f00000, 0x00000000e5000000|  0%| F|  |TAMS 0x00000000e4f00000, 0x00000000e4f00000| Untracked 
|  80|0x00000000e5000000, 0x00000000e5000000, 0x00000000e5100000|  0%| F|  |TAMS 0x00000000e5000000, 0x00000000e5000000| Untracked 
|  81|0x00000000e5100000, 0x00000000e5100000, 0x00000000e5200000|  0%| F|  |TAMS 0x00000000e5100000, 0x00000000e5100000| Untracked 
|  82|0x00000000e5200000, 0x00000000e5200000, 0x00000000e5300000|  0%| F|  |TAMS 0x00000000e5200000, 0x00000000e5200000| Untracked 
|  83|0x00000000e5300000, 0x00000000e5300000, 0x00000000e5400000|  0%| F|  |TAMS 0x00000000e5300000, 0x00000000e5300000| Untracked 
|  84|0x00000000e5400000, 0x00000000e5400000, 0x00000000e5500000|  0%| F|  |TAMS 0x00000000e5400000, 0x00000000e5400000| Untracked 
|  85|0x00000000e5500000, 0x00000000e5500000, 0x00000000e5600000|  0%| F|  |TAMS 0x00000000e5500000, 0x00000000e5500000| Untracked 
|  86|0x00000000e5600000, 0x00000000e5600000, 0x00000000e5700000|  0%| F|  |TAMS 0x00000000e5600000, 0x00000000e5600000| Untracked 
|  87|0x00000000e5700000, 0x00000000e5700000, 0x00000000e5800000|  0%| F|  |TAMS 0x00000000e5700000, 0x00000000e5700000| Untracked 
|  88|0x00000000e5800000, 0x00000000e5800000, 0x00000000e5900000|  0%| F|  |TAMS 0x00000000e5800000, 0x00000000e5800000| Untracked 
|  89|0x00000000e5900000, 0x00000000e5900000, 0x00000000e5a00000|  0%| F|  |TAMS 0x00000000e5900000, 0x00000000e5900000| Untracked 
|  90|0x00000000e5a00000, 0x00000000e5a00000, 0x00000000e5b00000|  0%| F|  |TAMS 0x00000000e5a00000, 0x00000000e5a00000| Untracked 
|  91|0x00000000e5b00000, 0x00000000e5b00000, 0x00000000e5c00000|  0%| F|  |TAMS 0x00000000e5b00000, 0x00000000e5b00000| Untracked 
|  92|0x00000000e5c00000, 0x00000000e5c00000, 0x00000000e5d00000|  0%| F|  |TAMS 0x00000000e5c00000, 0x00000000e5c00000| Untracked 
|  93|0x00000000e5d00000, 0x00000000e5d00000, 0x00000000e5e00000|  0%| F|  |TAMS 0x00000000e5d00000, 0x00000000e5d00000| Untracked 
|  94|0x00000000e5e00000, 0x00000000e5e00000, 0x00000000e5f00000|  0%| F|  |TAMS 0x00000000e5e00000, 0x00000000e5e00000| Untracked 
|  95|0x00000000e5f00000, 0x00000000e5f00000, 0x00000000e6000000|  0%| F|  |TAMS 0x00000000e5f00000, 0x00000000e5f00000| Untracked 
|  96|0x00000000e6000000, 0x00000000e6000000, 0x00000000e6100000|  0%| F|  |TAMS 0x00000000e6000000, 0x00000000e6000000| Untracked 
|  97|0x00000000e6100000, 0x00000000e6100000, 0x00000000e6200000|  0%| F|  |TAMS 0x00000000e6100000, 0x00000000e6100000| Untracked 
|  98|0x00000000e6200000, 0x00000000e6200000, 0x00000000e6300000|  0%| F|  |TAMS 0x00000000e6200000, 0x00000000e6200000| Untracked 
|  99|0x00000000e6300000, 0x00000000e6300000, 0x00000000e6400000|  0%| F|  |TAMS 0x00000000e6300000, 0x00000000e6300000| Untracked 
| 100|0x00000000e6400000, 0x00000000e6400000, 0x00000000e6500000|  0%| F|  |TAMS 0x00000000e6400000, 0x00000000e6400000| Untracked 
| 101|0x00000000e6500000, 0x00000000e6500000, 0x00000000e6600000|  0%| F|  |TAMS 0x00000000e6500000, 0x00000000e6500000| Untracked 
| 102|0x00000000e6600000, 0x00000000e6600000, 0x00000000e6700000|  0%| F|  |TAMS 0x00000000e6600000, 0x00000000e6600000| Untracked 
| 103|0x00000000e6700000, 0x00000000e6700000, 0x00000000e6800000|  0%| F|  |TAMS 0x00000000e6700000, 0x00000000e6700000| Untracked 
| 104|0x00000000e6800000, 0x00000000e6800000, 0x00000000e6900000|  0%| F|  |TAMS 0x00000000e6800000, 0x00000000e6800000| Untracked 
| 105|0x00000000e6900000, 0x00000000e6900000, 0x00000000e6a00000|  0%| F|  |TAMS 0x00000000e6900000, 0x00000000e6900000| Untracked 
| 106|0x00000000e6a00000, 0x00000000e6a00000, 0x00000000e6b00000|  0%| F|  |TAMS 0x00000000e6a00000, 0x00000000e6a00000| Untracked 
| 107|0x00000000e6b00000, 0x00000000e6b00000, 0x00000000e6c00000|  0%| F|  |TAMS 0x00000000e6b00000, 0x00000000e6b00000| Untracked 
| 108|0x00000000e6c00000, 0x00000000e6c00000, 0x00000000e6d00000|  0%| F|  |TAMS 0x00000000e6c00000, 0x00000000e6c00000| Untracked 
| 109|0x00000000e6d00000, 0x00000000e6d00000, 0x00000000e6e00000|  0%| F|  |TAMS 0x00000000e6d00000, 0x00000000e6d00000| Untracked 
| 110|0x00000000e6e00000, 0x00000000e6e00000, 0x00000000e6f00000|  0%| F|  |TAMS 0x00000000e6e00000, 0x00000000e6e00000| Untracked 
| 111|0x00000000e6f00000, 0x00000000e6f00000, 0x00000000e7000000|  0%| F|  |TAMS 0x00000000e6f00000, 0x00000000e6f00000| Untracked 
| 112|0x00000000e7000000, 0x00000000e7000000, 0x00000000e7100000|  0%| F|  |TAMS 0x00000000e7000000, 0x00000000e7000000| Untracked 
| 113|0x00000000e7100000, 0x00000000e7100000, 0x00000000e7200000|  0%| F|  |TAMS 0x00000000e7100000, 0x00000000e7100000| Untracked 
| 114|0x00000000e7200000, 0x00000000e7200000, 0x00000000e7300000|  0%| F|  |TAMS 0x00000000e7200000, 0x00000000e7200000| Untracked 
| 115|0x00000000e7300000, 0x00000000e7300000, 0x00000000e7400000|  0%| F|  |TAMS 0x00000000e7300000, 0x00000000e7300000| Untracked 
| 116|0x00000000e7400000, 0x00000000e7400000, 0x00000000e7500000|  0%| F|  |TAMS 0x00000000e7400000, 0x00000000e7400000| Untracked 
| 117|0x00000000e7500000, 0x00000000e7500000, 0x00000000e7600000|  0%| F|  |TAMS 0x00000000e7500000, 0x00000000e7500000| Untracked 
| 118|0x00000000e7600000, 0x00000000e7600000, 0x00000000e7700000|  0%| F|  |TAMS 0x00000000e7600000, 0x00000000e7600000| Untracked 
| 119|0x00000000e7700000, 0x00000000e7700000, 0x00000000e7800000|  0%| F|  |TAMS 0x00000000e7700000, 0x00000000e7700000| Untracked 
| 120|0x00000000e7800000, 0x00000000e7800000, 0x00000000e7900000|  0%| F|  |TAMS 0x00000000e7800000, 0x00000000e7800000| Untracked 
| 121|0x00000000e7900000, 0x00000000e7900000, 0x00000000e7a00000|  0%| F|  |TAMS 0x00000000e7900000, 0x00000000e7900000| Untracked 
| 122|0x00000000e7a00000, 0x00000000e7a00000, 0x00000000e7b00000|  0%| F|  |TAMS 0x00000000e7a00000, 0x00000000e7a00000| Untracked 
| 123|0x00000000e7b00000, 0x00000000e7b00000, 0x00000000e7c00000|  0%| F|  |TAMS 0x00000000e7b00000, 0x00000000e7b00000| Untracked 
| 124|0x00000000e7c00000, 0x00000000e7c00000, 0x00000000e7d00000|  0%| F|  |TAMS 0x00000000e7c00000, 0x00000000e7c00000| Untracked 
| 125|0x00000000e7d00000, 0x00000000e7d00000, 0x00000000e7e00000|  0%| F|  |TAMS 0x00000000e7d00000, 0x00000000e7d00000| Untracked 
| 126|0x00000000e7e00000, 0x00000000e7e00000, 0x00000000e7f00000|  0%| F|  |TAMS 0x00000000e7e00000, 0x00000000e7e00000| Untracked 
| 127|0x00000000e7f00000, 0x00000000e7f00000, 0x00000000e8000000|  0%| F|  |TAMS 0x00000000e7f00000, 0x00000000e7f00000| Untracked 
| 128|0x00000000e8000000, 0x00000000e8000000, 0x00000000e8100000|  0%| F|  |TAMS 0x00000000e8000000, 0x00000000e8000000| Untracked 
| 129|0x00000000e8100000, 0x00000000e8100000, 0x00000000e8200000|  0%| F|  |TAMS 0x00000000e8100000, 0x00000000e8100000| Untracked 
| 130|0x00000000e8200000, 0x00000000e8200000, 0x00000000e8300000|  0%| F|  |TAMS 0x00000000e8200000, 0x00000000e8200000| Untracked 
| 131|0x00000000e8300000, 0x00000000e8300000, 0x00000000e8400000|  0%| F|  |TAMS 0x00000000e8300000, 0x00000000e8300000| Untracked 
| 132|0x00000000e8400000, 0x00000000e8400000, 0x00000000e8500000|  0%| F|  |TAMS 0x00000000e8400000, 0x00000000e8400000| Untracked 
| 133|0x00000000e8500000, 0x00000000e8500000, 0x00000000e8600000|  0%| F|  |TAMS 0x00000000e8500000, 0x00000000e8500000| Untracked 
| 134|0x00000000e8600000, 0x00000000e8600000, 0x00000000e8700000|  0%| F|  |TAMS 0x00000000e8600000, 0x00000000e8600000| Untracked 
| 135|0x00000000e8700000, 0x00000000e8700000, 0x00000000e8800000|  0%| F|  |TAMS 0x00000000e8700000, 0x00000000e8700000| Untracked 
| 136|0x00000000e8800000, 0x00000000e8800000, 0x00000000e8900000|  0%| F|  |TAMS 0x00000000e8800000, 0x00000000e8800000| Untracked 
| 137|0x00000000e8900000, 0x00000000e8900000, 0x00000000e8a00000|  0%| F|  |TAMS 0x00000000e8900000, 0x00000000e8900000| Untracked 
| 138|0x00000000e8a00000, 0x00000000e8a00000, 0x00000000e8b00000|  0%| F|  |TAMS 0x00000000e8a00000, 0x00000000e8a00000| Untracked 
| 139|0x00000000e8b00000, 0x00000000e8b00000, 0x00000000e8c00000|  0%| F|  |TAMS 0x00000000e8b00000, 0x00000000e8b00000| Untracked 
| 140|0x00000000e8c00000, 0x00000000e8c00000, 0x00000000e8d00000|  0%| F|  |TAMS 0x00000000e8c00000, 0x00000000e8c00000| Untracked 
| 141|0x00000000e8d00000, 0x00000000e8d00000, 0x00000000e8e00000|  0%| F|  |TAMS 0x00000000e8d00000, 0x00000000e8d00000| Untracked 
| 142|0x00000000e8e00000, 0x00000000e8e00000, 0x00000000e8f00000|  0%| F|  |TAMS 0x00000000e8e00000, 0x00000000e8e00000| Untracked 
| 143|0x00000000e8f00000, 0x00000000e8f00000, 0x00000000e9000000|  0%| F|  |TAMS 0x00000000e8f00000, 0x00000000e8f00000| Untracked 
| 144|0x00000000e9000000, 0x00000000e9000000, 0x00000000e9100000|  0%| F|  |TAMS 0x00000000e9000000, 0x00000000e9000000| Untracked 
| 145|0x00000000e9100000, 0x00000000e9100000, 0x00000000e9200000|  0%| F|  |TAMS 0x00000000e9100000, 0x00000000e9100000| Untracked 
| 146|0x00000000e9200000, 0x00000000e9200000, 0x00000000e9300000|  0%| F|  |TAMS 0x00000000e9200000, 0x00000000e9200000| Untracked 
| 147|0x00000000e9300000, 0x00000000e9300000, 0x00000000e9400000|  0%| F|  |TAMS 0x00000000e9300000, 0x00000000e9300000| Untracked 
| 148|0x00000000e9400000, 0x00000000e9400000, 0x00000000e9500000|  0%| F|  |TAMS 0x00000000e9400000, 0x00000000e9400000| Untracked 
| 149|0x00000000e9500000, 0x00000000e9500000, 0x00000000e9600000|  0%| F|  |TAMS 0x00000000e9500000, 0x00000000e9500000| Untracked 
| 150|0x00000000e9600000, 0x00000000e9600000, 0x00000000e9700000|  0%| F|  |TAMS 0x00000000e9600000, 0x00000000e9600000| Untracked 
| 151|0x00000000e9700000, 0x00000000e9700000, 0x00000000e9800000|  0%| F|  |TAMS 0x00000000e9700000, 0x00000000e9700000| Untracked 
| 152|0x00000000e9800000, 0x00000000e9800000, 0x00000000e9900000|  0%| F|  |TAMS 0x00000000e9800000, 0x00000000e9800000| Untracked 
| 153|0x00000000e9900000, 0x00000000e9900000, 0x00000000e9a00000|  0%| F|  |TAMS 0x00000000e9900000, 0x00000000e9900000| Untracked 
| 154|0x00000000e9a00000, 0x00000000e9a00000, 0x00000000e9b00000|  0%| F|  |TAMS 0x00000000e9a00000, 0x00000000e9a00000| Untracked 
| 155|0x00000000e9b00000, 0x00000000e9b00000, 0x00000000e9c00000|  0%| F|  |TAMS 0x00000000e9b00000, 0x00000000e9b00000| Untracked 
| 156|0x00000000e9c00000, 0x00000000e9c80800, 0x00000000e9d00000| 50%| E|  |TAMS 0x00000000e9c00000, 0x00000000e9c00000| Complete 
| 157|0x00000000e9d00000, 0x00000000e9e00000, 0x00000000e9e00000|100%| E|CS|TAMS 0x00000000e9d00000, 0x00000000e9d00000| Complete 
| 158|0x00000000e9e00000, 0x00000000e9f00000, 0x00000000e9f00000|100%| E|CS|TAMS 0x00000000e9e00000, 0x00000000e9e00000| Complete 
| 159|0x00000000e9f00000, 0x00000000ea000000, 0x00000000ea000000|100%| E|CS|TAMS 0x00000000e9f00000, 0x00000000e9f00000| Complete 
| 160|0x00000000ea000000, 0x00000000ea100000, 0x00000000ea100000|100%| E|CS|TAMS 0x00000000ea000000, 0x00000000ea000000| Complete 
| 161|0x00000000ea100000, 0x00000000ea200000, 0x00000000ea200000|100%| E|CS|TAMS 0x00000000ea100000, 0x00000000ea100000| Complete 
| 162|0x00000000ea200000, 0x00000000ea300000, 0x00000000ea300000|100%| E|CS|TAMS 0x00000000ea200000, 0x00000000ea200000| Complete 
| 163|0x00000000ea300000, 0x00000000ea400000, 0x00000000ea400000|100%| E|CS|TAMS 0x00000000ea300000, 0x00000000ea300000| Complete 
| 164|0x00000000ea400000, 0x00000000ea500000, 0x00000000ea500000|100%| E|CS|TAMS 0x00000000ea400000, 0x00000000ea400000| Complete 
| 165|0x00000000ea500000, 0x00000000ea600000, 0x00000000ea600000|100%| E|CS|TAMS 0x00000000ea500000, 0x00000000ea500000| Complete 
| 166|0x00000000ea600000, 0x00000000ea700000, 0x00000000ea700000|100%| E|CS|TAMS 0x00000000ea600000, 0x00000000ea600000| Complete 
| 167|0x00000000ea700000, 0x00000000ea800000, 0x00000000ea800000|100%| E|CS|TAMS 0x00000000ea700000, 0x00000000ea700000| Complete 
| 168|0x00000000ea800000, 0x00000000ea900000, 0x00000000ea900000|100%| E|CS|TAMS 0x00000000ea800000, 0x00000000ea800000| Complete 
| 169|0x00000000ea900000, 0x00000000eaa00000, 0x00000000eaa00000|100%| E|CS|TAMS 0x00000000ea900000, 0x00000000ea900000| Complete 
| 170|0x00000000eaa00000, 0x00000000eab00000, 0x00000000eab00000|100%| E|CS|TAMS 0x00000000eaa00000, 0x00000000eaa00000| Complete 
| 171|0x00000000eab00000, 0x00000000eac00000, 0x00000000eac00000|100%| E|CS|TAMS 0x00000000eab00000, 0x00000000eab00000| Complete 
| 172|0x00000000eac00000, 0x00000000ead00000, 0x00000000ead00000|100%| E|CS|TAMS 0x00000000eac00000, 0x00000000eac00000| Complete 
| 173|0x00000000ead00000, 0x00000000eae00000, 0x00000000eae00000|100%| E|CS|TAMS 0x00000000ead00000, 0x00000000ead00000| Complete 
| 174|0x00000000eae00000, 0x00000000eaf00000, 0x00000000eaf00000|100%| E|CS|TAMS 0x00000000eae00000, 0x00000000eae00000| Complete 
| 175|0x00000000eaf00000, 0x00000000eb000000, 0x00000000eb000000|100%| E|CS|TAMS 0x00000000eaf00000, 0x00000000eaf00000| Complete 
| 176|0x00000000eb000000, 0x00000000eb100000, 0x00000000eb100000|100%| E|CS|TAMS 0x00000000eb000000, 0x00000000eb000000| Complete 
| 177|0x00000000eb100000, 0x00000000eb200000, 0x00000000eb200000|100%| E|CS|TAMS 0x00000000eb100000, 0x00000000eb100000| Complete 
| 178|0x00000000eb200000, 0x00000000eb300000, 0x00000000eb300000|100%| E|CS|TAMS 0x00000000eb200000, 0x00000000eb200000| Complete 
| 179|0x00000000eb300000, 0x00000000eb400000, 0x00000000eb400000|100%| E|CS|TAMS 0x00000000eb300000, 0x00000000eb300000| Complete 
| 180|0x00000000eb400000, 0x00000000eb500000, 0x00000000eb500000|100%| E|CS|TAMS 0x00000000eb400000, 0x00000000eb400000| Complete 
| 181|0x00000000eb500000, 0x00000000eb600000, 0x00000000eb600000|100%| E|CS|TAMS 0x00000000eb500000, 0x00000000eb500000| Complete 
| 182|0x00000000eb600000, 0x00000000eb700000, 0x00000000eb700000|100%| E|CS|TAMS 0x00000000eb600000, 0x00000000eb600000| Complete 
| 183|0x00000000eb700000, 0x00000000eb800000, 0x00000000eb800000|100%| E|CS|TAMS 0x00000000eb700000, 0x00000000eb700000| Complete 
| 184|0x00000000eb800000, 0x00000000eb900000, 0x00000000eb900000|100%| E|CS|TAMS 0x00000000eb800000, 0x00000000eb800000| Complete 
| 185|0x00000000eb900000, 0x00000000eba00000, 0x00000000eba00000|100%| E|CS|TAMS 0x00000000eb900000, 0x00000000eb900000| Complete 
| 186|0x00000000eba00000, 0x00000000ebb00000, 0x00000000ebb00000|100%| E|CS|TAMS 0x00000000eba00000, 0x00000000eba00000| Complete 
| 187|0x00000000ebb00000, 0x00000000ebc00000, 0x00000000ebc00000|100%| E|CS|TAMS 0x00000000ebb00000, 0x00000000ebb00000| Complete 
| 188|0x00000000ebc00000, 0x00000000ebd00000, 0x00000000ebd00000|100%| E|CS|TAMS 0x00000000ebc00000, 0x00000000ebc00000| Complete 
| 189|0x00000000ebd00000, 0x00000000ebe00000, 0x00000000ebe00000|100%| E|CS|TAMS 0x00000000ebd00000, 0x00000000ebd00000| Complete 
| 190|0x00000000ebe00000, 0x00000000ebf00000, 0x00000000ebf00000|100%| E|CS|TAMS 0x00000000ebe00000, 0x00000000ebe00000| Complete 
| 191|0x00000000ebf00000, 0x00000000ec000000, 0x00000000ec000000|100%| E|CS|TAMS 0x00000000ebf00000, 0x00000000ebf00000| Complete 
| 192|0x00000000ec000000, 0x00000000ec100000, 0x00000000ec100000|100%| E|CS|TAMS 0x00000000ec000000, 0x00000000ec000000| Complete 
| 193|0x00000000ec100000, 0x00000000ec200000, 0x00000000ec200000|100%| E|CS|TAMS 0x00000000ec100000, 0x00000000ec100000| Complete 
| 194|0x00000000ec200000, 0x00000000ec300000, 0x00000000ec300000|100%| E|CS|TAMS 0x00000000ec200000, 0x00000000ec200000| Complete 
| 195|0x00000000ec300000, 0x00000000ec400000, 0x00000000ec400000|100%| E|CS|TAMS 0x00000000ec300000, 0x00000000ec300000| Complete 
| 196|0x00000000ec400000, 0x00000000ec500000, 0x00000000ec500000|100%| E|CS|TAMS 0x00000000ec400000, 0x00000000ec400000| Complete 
| 197|0x00000000ec500000, 0x00000000ec600000, 0x00000000ec600000|100%| E|CS|TAMS 0x00000000ec500000, 0x00000000ec500000| Complete 
| 198|0x00000000ec600000, 0x00000000ec700000, 0x00000000ec700000|100%| E|CS|TAMS 0x00000000ec600000, 0x00000000ec600000| Complete 
| 199|0x00000000ec700000, 0x00000000ec800000, 0x00000000ec800000|100%| E|CS|TAMS 0x00000000ec700000, 0x00000000ec700000| Complete 
| 200|0x00000000ec800000, 0x00000000ec900000, 0x00000000ec900000|100%| E|CS|TAMS 0x00000000ec800000, 0x00000000ec800000| Complete 
| 201|0x00000000ec900000, 0x00000000eca00000, 0x00000000eca00000|100%| E|CS|TAMS 0x00000000ec900000, 0x00000000ec900000| Complete 
| 202|0x00000000eca00000, 0x00000000ecb00000, 0x00000000ecb00000|100%| E|CS|TAMS 0x00000000eca00000, 0x00000000eca00000| Complete 
| 203|0x00000000ecb00000, 0x00000000ecc00000, 0x00000000ecc00000|100%| E|CS|TAMS 0x00000000ecb00000, 0x00000000ecb00000| Complete 
| 204|0x00000000ecc00000, 0x00000000ecd00000, 0x00000000ecd00000|100%| E|CS|TAMS 0x00000000ecc00000, 0x00000000ecc00000| Complete 
| 205|0x00000000ecd00000, 0x00000000ece00000, 0x00000000ece00000|100%| E|CS|TAMS 0x00000000ecd00000, 0x00000000ecd00000| Complete 
| 206|0x00000000ece00000, 0x00000000ecf00000, 0x00000000ecf00000|100%| E|CS|TAMS 0x00000000ece00000, 0x00000000ece00000| Complete 
| 207|0x00000000ecf00000, 0x00000000ed000000, 0x00000000ed000000|100%| E|CS|TAMS 0x00000000ecf00000, 0x00000000ecf00000| Complete 
| 208|0x00000000ed000000, 0x00000000ed100000, 0x00000000ed100000|100%| E|CS|TAMS 0x00000000ed000000, 0x00000000ed000000| Complete 
| 209|0x00000000ed100000, 0x00000000ed200000, 0x00000000ed200000|100%| E|CS|TAMS 0x00000000ed100000, 0x00000000ed100000| Complete 
| 210|0x00000000ed200000, 0x00000000ed300000, 0x00000000ed300000|100%| E|CS|TAMS 0x00000000ed200000, 0x00000000ed200000| Complete 
| 211|0x00000000ed300000, 0x00000000ed400000, 0x00000000ed400000|100%| E|CS|TAMS 0x00000000ed300000, 0x00000000ed300000| Complete 
| 212|0x00000000ed400000, 0x00000000ed500000, 0x00000000ed500000|100%| E|CS|TAMS 0x00000000ed400000, 0x00000000ed400000| Complete 
| 213|0x00000000ed500000, 0x00000000ed600000, 0x00000000ed600000|100%| E|CS|TAMS 0x00000000ed500000, 0x00000000ed500000| Complete 
| 214|0x00000000ed600000, 0x00000000ed700000, 0x00000000ed700000|100%| E|CS|TAMS 0x00000000ed600000, 0x00000000ed600000| Complete 
| 215|0x00000000ed700000, 0x00000000ed800000, 0x00000000ed800000|100%| E|CS|TAMS 0x00000000ed700000, 0x00000000ed700000| Complete 
| 216|0x00000000ed800000, 0x00000000ed900000, 0x00000000ed900000|100%| E|CS|TAMS 0x00000000ed800000, 0x00000000ed800000| Complete 
| 217|0x00000000ed900000, 0x00000000eda00000, 0x00000000eda00000|100%| E|CS|TAMS 0x00000000ed900000, 0x00000000ed900000| Complete 
| 218|0x00000000eda00000, 0x00000000edb00000, 0x00000000edb00000|100%| E|CS|TAMS 0x00000000eda00000, 0x00000000eda00000| Complete 
| 219|0x00000000edb00000, 0x00000000edc00000, 0x00000000edc00000|100%| E|CS|TAMS 0x00000000edb00000, 0x00000000edb00000| Complete 
| 220|0x00000000edc00000, 0x00000000edd00000, 0x00000000edd00000|100%| E|CS|TAMS 0x00000000edc00000, 0x00000000edc00000| Complete 
| 221|0x00000000edd00000, 0x00000000ede00000, 0x00000000ede00000|100%| E|CS|TAMS 0x00000000edd00000, 0x00000000edd00000| Complete 
| 222|0x00000000ede00000, 0x00000000edf00000, 0x00000000edf00000|100%| E|CS|TAMS 0x00000000ede00000, 0x00000000ede00000| Complete 
| 223|0x00000000edf00000, 0x00000000ee000000, 0x00000000ee000000|100%| E|CS|TAMS 0x00000000edf00000, 0x00000000edf00000| Complete 
| 224|0x00000000ee000000, 0x00000000ee100000, 0x00000000ee100000|100%| S|CS|TAMS 0x00000000ee000000, 0x00000000ee000000| Complete 
| 225|0x00000000ee100000, 0x00000000ee200000, 0x00000000ee200000|100%| S|CS|TAMS 0x00000000ee100000, 0x00000000ee100000| Complete 
| 226|0x00000000ee200000, 0x00000000ee300000, 0x00000000ee300000|100%| S|CS|TAMS 0x00000000ee200000, 0x00000000ee200000| Complete 
| 227|0x00000000ee300000, 0x00000000ee400000, 0x00000000ee400000|100%| S|CS|TAMS 0x00000000ee300000, 0x00000000ee300000| Complete 
| 228|0x00000000ee400000, 0x00000000ee500000, 0x00000000ee500000|100%| E|CS|TAMS 0x00000000ee400000, 0x00000000ee400000| Complete 
| 229|0x00000000ee500000, 0x00000000ee600000, 0x00000000ee600000|100%| E|CS|TAMS 0x00000000ee500000, 0x00000000ee500000| Complete 
| 230|0x00000000ee600000, 0x00000000ee700000, 0x00000000ee700000|100%| E|CS|TAMS 0x00000000ee600000, 0x00000000ee600000| Complete 
| 231|0x00000000ee700000, 0x00000000ee800000, 0x00000000ee800000|100%| E|CS|TAMS 0x00000000ee700000, 0x00000000ee700000| Complete 
| 232|0x00000000ee800000, 0x00000000ee900000, 0x00000000ee900000|100%| E|CS|TAMS 0x00000000ee800000, 0x00000000ee800000| Complete 
| 233|0x00000000ee900000, 0x00000000eea00000, 0x00000000eea00000|100%| E|CS|TAMS 0x00000000ee900000, 0x00000000ee900000| Complete 
| 234|0x00000000eea00000, 0x00000000eeb00000, 0x00000000eeb00000|100%| E|CS|TAMS 0x00000000eea00000, 0x00000000eea00000| Complete 
| 235|0x00000000eeb00000, 0x00000000eec00000, 0x00000000eec00000|100%| E|CS|TAMS 0x00000000eeb00000, 0x00000000eeb00000| Complete 
| 236|0x00000000eec00000, 0x00000000eed00000, 0x00000000eed00000|100%| E|CS|TAMS 0x00000000eec00000, 0x00000000eec00000| Complete 
| 237|0x00000000eed00000, 0x00000000eee00000, 0x00000000eee00000|100%| E|CS|TAMS 0x00000000eed00000, 0x00000000eed00000| Complete 
| 238|0x00000000eee00000, 0x00000000eef00000, 0x00000000eef00000|100%| E|CS|TAMS 0x00000000eee00000, 0x00000000eee00000| Complete 
| 239|0x00000000eef00000, 0x00000000ef000000, 0x00000000ef000000|100%| E|CS|TAMS 0x00000000eef00000, 0x00000000eef00000| Complete 
| 240|0x00000000ef000000, 0x00000000ef100000, 0x00000000ef100000|100%| E|CS|TAMS 0x00000000ef000000, 0x00000000ef000000| Complete 
| 241|0x00000000ef100000, 0x00000000ef200000, 0x00000000ef200000|100%| E|CS|TAMS 0x00000000ef100000, 0x00000000ef100000| Complete 
| 242|0x00000000ef200000, 0x00000000ef300000, 0x00000000ef300000|100%| E|CS|TAMS 0x00000000ef200000, 0x00000000ef200000| Complete 
| 243|0x00000000ef300000, 0x00000000ef400000, 0x00000000ef400000|100%| E|CS|TAMS 0x00000000ef300000, 0x00000000ef300000| Complete 
| 244|0x00000000ef400000, 0x00000000ef500000, 0x00000000ef500000|100%| E|CS|TAMS 0x00000000ef400000, 0x00000000ef400000| Complete 
| 245|0x00000000ef500000, 0x00000000ef600000, 0x00000000ef600000|100%| E|CS|TAMS 0x00000000ef500000, 0x00000000ef500000| Complete 
| 246|0x00000000ef600000, 0x00000000ef700000, 0x00000000ef700000|100%| E|CS|TAMS 0x00000000ef600000, 0x00000000ef600000| Complete 
| 247|0x00000000ef700000, 0x00000000ef800000, 0x00000000ef800000|100%| E|CS|TAMS 0x00000000ef700000, 0x00000000ef700000| Complete 
| 248|0x00000000ef800000, 0x00000000ef900000, 0x00000000ef900000|100%| E|CS|TAMS 0x00000000ef800000, 0x00000000ef800000| Complete 
| 249|0x00000000ef900000, 0x00000000efa00000, 0x00000000efa00000|100%| E|CS|TAMS 0x00000000ef900000, 0x00000000ef900000| Complete 
| 250|0x00000000efa00000, 0x00000000efb00000, 0x00000000efb00000|100%| E|CS|TAMS 0x00000000efa00000, 0x00000000efa00000| Complete 
| 251|0x00000000efb00000, 0x00000000efc00000, 0x00000000efc00000|100%| E|CS|TAMS 0x00000000efb00000, 0x00000000efb00000| Complete 
| 252|0x00000000efc00000, 0x00000000efd00000, 0x00000000efd00000|100%| E|CS|TAMS 0x00000000efc00000, 0x00000000efc00000| Complete 
| 253|0x00000000efd00000, 0x00000000efe00000, 0x00000000efe00000|100%| E|CS|TAMS 0x00000000efd00000, 0x00000000efd00000| Complete 
| 254|0x00000000efe00000, 0x00000000eff00000, 0x00000000eff00000|100%| E|CS|TAMS 0x00000000efe00000, 0x00000000efe00000| Complete 
| 255|0x00000000eff00000, 0x00000000f0000000, 0x00000000f0000000|100%| E|CS|TAMS 0x00000000eff00000, 0x00000000eff00000| Complete 

Card table byte_map: [0x000001c11d9f0000,0x000001c11daf0000] _byte_map_base: 0x000001c11d2f0000

Marking Bits (Prev, Next): (CMBitMap*) 0x000001c106d4e570, (CMBitMap*) 0x000001c106d4e5b0
 Prev Bits: [0x000001c11dbf0000, 0x000001c11e3f0000)
 Next Bits: [0x000001c11e3f0000, 0x000001c11ebf0000)

Polling page: 0x000001c1064f0000

Metaspace:

Usage:
  Non-class:     16.30 MB used.
      Class:      2.78 MB used.
       Both:     19.08 MB used.

Virtual space:
  Non-class space:       64.00 MB reserved,      16.44 MB ( 26%) committed,  1 nodes.
      Class space:      320.00 MB reserved,       2.94 MB ( <1%) committed,  1 nodes.
             Both:      384.00 MB reserved,      19.38 MB (  5%) committed. 

Chunk freelists:
   Non-Class:  15.38 MB
       Class:  13.11 MB
        Both:  28.48 MB

MaxMetaspaceSize: 384.00 MB
CompressedClassSpaceSize: 320.00 MB
Initial GC threshold: 21.00 MB
Current GC threshold: 21.00 MB
CDS: on
MetaspaceReclaimPolicy: balanced
 - commit_granule_bytes: 65536.
 - commit_granule_words: 8192.
 - virtual_space_node_default_size: 8388608.
 - enlarge_chunks_in_place: 1.
 - new_chunks_are_fully_committed: 0.
 - uncommit_free_chunks: 1.
 - use_allocation_guard: 0.
 - handle_deallocations: 1.


Internal statistics:

num_allocs_failed_limit: 0.
num_arena_births: 242.
num_arena_deaths: 0.
num_vsnodes_births: 2.
num_vsnodes_deaths: 0.
num_space_committed: 310.
num_space_uncommitted: 0.
num_chunks_returned_to_freelist: 0.
num_chunks_taken_from_freelist: 903.
num_chunk_merges: 0.
num_chunk_splits: 608.
num_chunks_enlarged: 447.
num_purges: 0.
num_inconsistent_stats: 0.

CodeHeap 'non-profiled nmethods': size=120000Kb used=1375Kb max_used=1375Kb free=118624Kb
 bounds [0x000001c116090000, 0x000001c116300000, 0x000001c11d5c0000]
CodeHeap 'profiled nmethods': size=120000Kb used=5740Kb max_used=5740Kb free=114259Kb
 bounds [0x000001c10e5c0000, 0x000001c10eb60000, 0x000001c115af0000]
CodeHeap 'non-nmethods': size=5760Kb used=1233Kb max_used=1302Kb free=4526Kb
 bounds [0x000001c115af0000, 0x000001c115d60000, 0x000001c116090000]
 total_blobs=3350 nmethods=2809 adapters=453
 compilation: enabled
              stopped_count=0, restarted_count=0
 full_count=0

Compilation events (20 events):
Event: 127.172 Thread 0x000001c12162a270 nmethod 2780 0x000001c10eb44d90 code [0x000001c10eb44f20, 0x000001c10eb45058]
Event: 127.172 Thread 0x000001c12162a270 2779       1       org.objectweb.asm.SymbolTable::getClassName (5 bytes)
Event: 127.173 Thread 0x000001c12162a270 nmethod 2779 0x000001c1161e3310 code [0x000001c1161e34a0, 0x000001c1161e3578]
Event: 127.173 Thread 0x000001c12162a270 2781       3       org.objectweb.asm.MethodWriter::visitVarInsn (302 bytes)
Event: 127.174 Thread 0x000001c12162a270 nmethod 2781 0x000001c10eb45190 code [0x000001c10eb453e0, 0x000001c10eb45de8]
Event: 127.174 Thread 0x000001c12162a270 2783       3       org.objectweb.asm.ByteVector::putInt (74 bytes)
Event: 127.175 Thread 0x000001c12162a270 nmethod 2783 0x000001c10eb46090 code [0x000001c10eb46240, 0x000001c10eb464a8]
Event: 127.175 Thread 0x000001c12162a270 2782       3       org.objectweb.asm.MethodVisitor::<init> (94 bytes)
Event: 127.176 Thread 0x000001c12162a270 nmethod 2782 0x000001c10eb46610 code [0x000001c10eb46860, 0x000001c10eb47188]
Event: 127.176 Thread 0x000001c12162a270 2776       3       org.gradle.internal.reflect.MethodSet$MethodKey::<init> (6 bytes)
Event: 127.177 Thread 0x000001c12162a270 nmethod 2776 0x000001c10eb47490 code [0x000001c10eb47660, 0x000001c10eb47b28]
Event: 127.177 Thread 0x000001c12162a270 2784       3       java.lang.invoke.MethodType::changeReturnType (20 bytes)
Event: 127.177 Thread 0x000001c12162a270 nmethod 2784 0x000001c10eb47d10 code [0x000001c10eb47ec0, 0x000001c10eb48088]
Event: 127.177 Thread 0x000001c1216297d0 2785       4       jdk.internal.org.objectweb.asm.SymbolTable::addConstantUtf8Reference (101 bytes)
Event: 127.177 Thread 0x000001c12162a270 2786       3       java.util.HashMap::computeIfAbsent (330 bytes)
Event: 127.179 Thread 0x000001c12162a270 nmethod 2786 0x000001c10eb48110 code [0x000001c10eb48420, 0x000001c10eb49ac8]
Event: 127.203 Thread 0x000001c12162a270 2787       3       java.net.URLConnection::<init> (62 bytes)
Event: 127.204 Thread 0x000001c12162a270 nmethod 2787 0x000001c10eb4a110 code [0x000001c10eb4a320, 0x000001c10eb4aa08]
Event: 127.204 Thread 0x000001c12162a270 2788       3       java.net.URLConnection::getDefaultUseCaches (30 bytes)
Event: 127.205 Thread 0x000001c12162a270 nmethod 2788 0x000001c10eb4ac10 code [0x000001c10eb4ae00, 0x000001c10eb4b2e8]

GC Heap History (4 events):
Event: 1.515 GC heap before
{Heap before GC invocations=0 (full 0):
 garbage-first heap   total 262144K, used 26624K [0x00000000e0000000, 0x0000000100000000)
  region size 1024K, 23 young (23552K), 0 survivors (0K)
 Metaspace       used 3096K, committed 3200K, reserved 393216K
  class space    used 393K, committed 448K, reserved 327680K
}
Event: 1.521 GC heap after
{Heap after GC invocations=1 (full 0):
 garbage-first heap   total 262144K, used 10748K [0x00000000e0000000, 0x0000000100000000)
  region size 1024K, 3 young (3072K), 3 survivors (3072K)
 Metaspace       used 3096K, committed 3200K, reserved 393216K
  class space    used 393K, committed 448K, reserved 327680K
}
Event: 16.257 GC heap before
{Heap before GC invocations=1 (full 0):
 garbage-first heap   total 262144K, used 37372K [0x00000000e0000000, 0x0000000100000000)
  region size 1024K, 28 young (28672K), 3 survivors (3072K)
 Metaspace       used 4048K, committed 4224K, reserved 393216K
  class space    used 492K, committed 576K, reserved 327680K
}
Event: 16.272 GC heap after
{Heap after GC invocations=2 (full 0):
 garbage-first heap   total 262144K, used 14963K [0x00000000e0000000, 0x0000000100000000)
  region size 1024K, 4 young (4096K), 4 survivors (4096K)
 Metaspace       used 4048K, committed 4224K, reserved 393216K
  class space    used 492K, committed 576K, reserved 327680K
}

Deoptimization events (20 events):
Event: 28.420 Thread 0x000001c13bc36530 Uncommon trap: trap_request=0xffffff45 fr.pc=0x000001c1160cf0a4 relative=0x0000000000000664
Event: 28.420 Thread 0x000001c13bc36530 Uncommon trap: reason=unstable_if action=reinterpret pc=0x000001c1160cf0a4 method=java.lang.AbstractStringBuilder.append(Ljava/lang/String;)Ljava/lang/AbstractStringBuilder; @ 1 c2
Event: 28.420 Thread 0x000001c13bc36530 DEOPT PACKING pc=0x000001c1160cf0a4 sp=0x000000b7829feb60
Event: 28.420 Thread 0x000001c13bc36530 DEOPT UNPACKING pc=0x000001c115b423a3 sp=0x000000b7829feae0 mode 2
Event: 28.421 Thread 0x000001c13bc36530 Uncommon trap: trap_request=0xffffff45 fr.pc=0x000001c1160d7324 relative=0x0000000000000664
Event: 28.421 Thread 0x000001c13bc36530 Uncommon trap: reason=unstable_if action=reinterpret pc=0x000001c1160d7324 method=java.lang.AbstractStringBuilder.append(Ljava/lang/String;)Ljava/lang/AbstractStringBuilder; @ 1 c2
Event: 28.421 Thread 0x000001c13bc36530 DEOPT PACKING pc=0x000001c1160d7324 sp=0x000000b7829feb00
Event: 28.421 Thread 0x000001c13bc36530 DEOPT UNPACKING pc=0x000001c115b423a3 sp=0x000000b7829feae8 mode 2
Event: 126.735 Thread 0x000001c13c43b410 Uncommon trap: trap_request=0xffffff45 fr.pc=0x000001c1161b2534 relative=0x00000000000003f4
Event: 126.735 Thread 0x000001c13c43b410 Uncommon trap: reason=unstable_if action=reinterpret pc=0x000001c1161b2534 method=java.util.HashMap.getNode(Ljava/lang/Object;)Ljava/util/HashMap$Node; @ 131 c2
Event: 126.735 Thread 0x000001c13c43b410 DEOPT PACKING pc=0x000001c1161b2534 sp=0x000000b782afb120
Event: 126.735 Thread 0x000001c13c43b410 DEOPT UNPACKING pc=0x000001c115b423a3 sp=0x000000b782afb040 mode 2
Event: 126.735 Thread 0x000001c13c43b410 Uncommon trap: trap_request=0xffffff45 fr.pc=0x000001c1161a1fa8 relative=0x00000000000007c8
Event: 126.735 Thread 0x000001c13c43b410 Uncommon trap: reason=unstable_if action=reinterpret pc=0x000001c1161a1fa8 method=java.util.HashMap.putVal(ILjava/lang/Object;Ljava/lang/Object;ZZ)Ljava/lang/Object; @ 206 c2
Event: 126.735 Thread 0x000001c13c43b410 DEOPT PACKING pc=0x000001c1161a1fa8 sp=0x000000b782afb0a0
Event: 126.735 Thread 0x000001c13c43b410 DEOPT UNPACKING pc=0x000001c115b423a3 sp=0x000000b782afb038 mode 2
Event: 126.948 Thread 0x000001c13c43b410 Uncommon trap: trap_request=0xffffff45 fr.pc=0x000001c1160c4584 relative=0x00000000000000e4
Event: 126.948 Thread 0x000001c13c43b410 Uncommon trap: reason=unstable_if action=reinterpret pc=0x000001c1160c4584 method=java.util.HashMap.hash(Ljava/lang/Object;)I @ 1 c2
Event: 126.948 Thread 0x000001c13c43b410 DEOPT PACKING pc=0x000001c1160c4584 sp=0x000000b782afa0b0
Event: 126.948 Thread 0x000001c13c43b410 DEOPT UNPACKING pc=0x000001c115b423a3 sp=0x000000b782af9ff0 mode 2

Classes unloaded (0 events):
No events

Classes redefined (0 events):
No events

Internal exceptions (20 events):
Event: 19.667 Thread 0x000001c1219934f0 Exception <a 'java/lang/NoSuchMethodError'{0x00000000ecbb1978}: 'java.lang.Object java.lang.invoke.DirectMethodHandle$Holder.invokeSpecial(java.lang.Object, java.lang.Object, java.lang.Object, java.lang.Object, int)'> (0x00000000ecbb1978) 
thrown [s\open\src\hotspot\share\interpreter\linkResolver.cpp, line 759]
Event: 19.669 Thread 0x000001c1219934f0 Exception <a 'java/lang/NoSuchMethodError'{0x00000000ecbb5a90}: 'java.lang.Object java.lang.invoke.Invokers$Holder.linkToTargetMethod(java.lang.Object, java.lang.Object, int, java.lang.Object)'> (0x00000000ecbb5a90) 
thrown [s\open\src\hotspot\share\interpreter\linkResolver.cpp, line 759]
Event: 20.127 Thread 0x000001c1219934f0 Exception <a 'java/lang/NoSuchMethodError'{0x00000000ec4ed390}: 'void java.lang.invoke.DirectMethodHandle$Holder.invokeStatic(java.lang.Object, int, java.lang.Object)'> (0x00000000ec4ed390) 
thrown [s\open\src\hotspot\share\interpreter\linkResolver.cpp, line 759]
Event: 20.297 Thread 0x000001c13bf77480 Exception <a 'java/lang/NoSuchMethodError'{0x00000000ec3d2818}: static Lorg/gradle/internal/exceptions/LocationAwareException;.<clinit>()V> (0x00000000ec3d2818) 
thrown [s\open\src\hotspot\share\prims\jni.cpp, line 1107]
Event: 20.299 Thread 0x000001c13bf77480 Exception <a 'java/lang/NoSuchMethodError'{0x00000000ec3d7990}: static Lorg/gradle/internal/exceptions/ContextAwareException;.<clinit>()V> (0x00000000ec3d7990) 
thrown [s\open\src\hotspot\share\prims\jni.cpp, line 1107]
Event: 20.300 Thread 0x000001c13bf77480 Exception <a 'java/lang/NoSuchMethodError'{0x00000000ec3d91a8}: static Lorg/gradle/api/GradleException;.<clinit>()V> (0x00000000ec3d91a8) 
thrown [s\open\src\hotspot\share\prims\jni.cpp, line 1107]
Event: 20.304 Thread 0x000001c13bf77480 Exception <a 'java/lang/NoSuchMethodError'{0x00000000ec3e5e88}: static Lorg/gradle/internal/build/BuildLayoutValidator$BuildLayoutException;.<clinit>()V> (0x00000000ec3e5e88) 
thrown [s\open\src\hotspot\share\prims\jni.cpp, line 1107]
Event: 20.317 Thread 0x000001c13bf77480 Exception <a 'java/lang/NoSuchMethodError'{0x00000000ec3f4f20}: static [Ljava/lang/StackTraceElement;.<clinit>()V> (0x00000000ec3f4f20) 
thrown [s\open\src\hotspot\share\prims\jni.cpp, line 1107]
Event: 28.420 Thread 0x000001c13bc36530 Implicit null exception at 0x000001c1160cea72 to 0x000001c1160cf08c
Event: 28.421 Thread 0x000001c13bc36530 Implicit null exception at 0x000001c1160d6cf2 to 0x000001c1160d730c
Event: 126.068 Thread 0x000001c13c43b410 Exception <a 'java/lang/NoSuchMethodError'{0x00000000eb754088}: 'int java.lang.invoke.DirectMethodHandle$Holder.invokeSpecialIFC(java.lang.Object, java.lang.Object, java.lang.Object, java.lang.Object)'> (0x00000000eb754088) 
thrown [s\open\src\hotspot\share\interpreter\linkResolver.cpp, line 759]
Event: 126.077 Thread 0x000001c13c43b410 Exception <a 'java/lang/NoSuchMethodError'{0x00000000eb763060}: 'java.lang.Object java.lang.invoke.DirectMethodHandle$Holder.invokeInterface(java.lang.Object, java.lang.Object, java.lang.Object)'> (0x00000000eb763060) 
thrown [s\open\src\hotspot\share\interpreter\linkResolver.cpp, line 759]
Event: 126.079 Thread 0x000001c13c43b410 Exception <a 'java/lang/IncompatibleClassChangeError'{0x00000000eb766c78}: Found class java.lang.Object, but interface was expected> (0x00000000eb766c78) 
thrown [s\open\src\hotspot\share\interpreter\linkResolver.cpp, line 826]
Event: 126.165 Thread 0x000001c13c43b410 Exception <a 'java/lang/NoSuchMethodError'{0x00000000eb641170}: 'int java.lang.invoke.DirectMethodHandle$Holder.invokeStatic(java.lang.Object, java.lang.Object, java.lang.Object, java.lang.Object)'> (0x00000000eb641170) 
thrown [s\open\src\hotspot\share\interpreter\linkResolver.cpp, line 759]
Event: 126.167 Thread 0x000001c13c43b410 Exception <a 'java/lang/NoSuchMethodError'{0x00000000eb644d98}: 'java.lang.Object java.lang.invoke.Invokers$Holder.invokeExact_MT(java.lang.Object, java.lang.Object, java.lang.Object, java.lang.Object, java.lang.Object, java.lang.Object)'> (0x00000000eb644d98) 
thrown [s\open\src\hotspot\share\interpreter\linkResolver.cpp, line 759]
Event: 126.463 Thread 0x000001c13c43b410 Exception <a 'java/lang/NoSuchMethodError'{0x00000000eb2b04b0}: 'java.lang.Object java.lang.invoke.DirectMethodHandle$Holder.invokeSpecial(java.lang.Object, java.lang.Object, java.lang.Object, java.lang.Object, java.lang.Object, java.lang.Object, java.lang.Object, java.lang.Object, java.lang.Object)'> (0x00000000eb2b04b0) 
thrown [s\open\src\hotspot\share\interpreter\linkResolver.cpp, line 759]
Event: 126.698 Thread 0x000001c13c43b410 Exception <a 'java/lang/NoSuchMethodError'{0x00000000ead98878}: 'java.lang.Object java.lang.invoke.DirectMethodHandle$Holder.invokeVirtual(java.lang.Object, java.lang.Object, java.lang.Object, java.lang.Object)'> (0x00000000ead98878) 
thrown [s\open\src\hotspot\share\interpreter\linkResolver.cpp, line 759]
Event: 126.753 Thread 0x000001c13c43b410 Exception <a 'java/lang/NoSuchMethodError'{0x00000000eace9ab0}: 'java.lang.Object java.lang.invoke.DirectMethodHandle$Holder.newInvokeSpecial(java.lang.Object, java.lang.Object, java.lang.Object, java.lang.Object, java.lang.Object, java.lang.Object, java.lang.Object)'> (0x00000000eace9ab0) 
thrown [s\open\src\hotspot\share\interpreter\linkResolver.cpp, line 759]
Event: 126.754 Thread 0x000001c13c43b410 Exception <a 'java/lang/NoSuchMethodError'{0x00000000eacee780}: 'java.lang.Object java.lang.invoke.Invokers$Holder.linkToTargetMethod(java.lang.Object, java.lang.Object, java.lang.Object, java.lang.Object, java.lang.Object, java.lang.Object, java.lang.Object)'> (0x00000000eacee780) 
thrown [s\open\src\hotspot\share\interpreter\linkResolver.cpp, line 759]
Event: 126.948 Thread 0x000001c13c43b410 Implicit null exception at 0x000001c1160c44e0 to 0x000001c1160c457a

VM Operations (20 events):
Event: 82.050 Executing VM operation: Cleanup
Event: 82.050 Executing VM operation: Cleanup done
Event: 86.084 Executing VM operation: Cleanup
Event: 86.084 Executing VM operation: Cleanup done
Event: 87.092 Executing VM operation: Cleanup
Event: 87.092 Executing VM operation: Cleanup done
Event: 92.149 Executing VM operation: Cleanup
Event: 92.149 Executing VM operation: Cleanup done
Event: 99.221 Executing VM operation: Cleanup
Event: 99.222 Executing VM operation: Cleanup done
Event: 109.323 Executing VM operation: Cleanup
Event: 109.323 Executing VM operation: Cleanup done
Event: 118.420 Executing VM operation: Cleanup
Event: 118.420 Executing VM operation: Cleanup done
Event: 125.490 Executing VM operation: Cleanup
Event: 125.490 Executing VM operation: Cleanup done
Event: 126.120 Executing VM operation: HandshakeAllThreads
Event: 126.120 Executing VM operation: HandshakeAllThreads done
Event: 127.072 Executing VM operation: ICBufferFull
Event: 127.073 Executing VM operation: ICBufferFull done

Events (20 events):
Event: 126.021 Thread 0x000001c13c43bdb0 Thread added: 0x000001c13c43bdb0
Event: 126.048 loading class java/util/concurrent/Semaphore
Event: 126.049 loading class java/util/concurrent/Semaphore done
Event: 126.058 loading class java/nio/file/FileVisitOption
Event: 126.059 loading class java/nio/file/FileVisitOption done
Event: 126.081 loading class java/util/stream/ReduceOps$1
Event: 126.082 loading class java/util/stream/ReduceOps$1 done
Event: 126.082 loading class java/util/stream/ReduceOps$1ReducingSink
Event: 126.083 loading class java/util/stream/ReduceOps$1ReducingSink done
Event: 126.640 loading class javax/xml/parsers/ParserConfigurationException
Event: 126.641 loading class javax/xml/parsers/ParserConfigurationException done
Event: 126.641 loading class org/xml/sax/SAXException
Event: 126.641 loading class org/xml/sax/SAXException done
Event: 126.641 loading class javax/xml/xpath/XPathExpressionException
Event: 126.641 loading class javax/xml/xpath/XPathException
Event: 126.642 loading class javax/xml/xpath/XPathException done
Event: 126.642 loading class javax/xml/xpath/XPathExpressionException done
Event: 126.642 loading class org/xml/sax/ErrorHandler
Event: 126.642 loading class org/xml/sax/ErrorHandler done
Event: 126.991 Thread 0x000001c13d7ada90 Thread added: 0x000001c13d7ada90


Dynamic libraries:
0x00007ff7945c0000 - 0x00007ff7945d0000 	C:\Tools\jdk-17.0.8_windows-x64_bin\jdk-17.0.8\bin\java.exe
0x00007ffbe0370000 - 0x00007ffbe0584000 	C:\WINDOWS\SYSTEM32\ntdll.dll
0x00007ffbdf4d0000 - 0x00007ffbdf594000 	C:\WINDOWS\System32\KERNEL32.DLL
0x00007ffbdda50000 - 0x00007ffbdddf4000 	C:\WINDOWS\System32\KERNELBASE.dll
0x00007ffbddea0000 - 0x00007ffbddfb1000 	C:\WINDOWS\System32\ucrtbase.dll
0x00007ffbb8a70000 - 0x00007ffbb8a8b000 	C:\Tools\jdk-17.0.8_windows-x64_bin\jdk-17.0.8\bin\VCRUNTIME140.dll
0x00007ffbc3aa0000 - 0x00007ffbc3ab9000 	C:\Tools\jdk-17.0.8_windows-x64_bin\jdk-17.0.8\bin\jli.dll
0x00007ffbdea70000 - 0x00007ffbdeb20000 	C:\WINDOWS\System32\ADVAPI32.dll
0x00007ffbe0280000 - 0x00007ffbe0327000 	C:\WINDOWS\System32\msvcrt.dll
0x00007ffbde1f0000 - 0x00007ffbde296000 	C:\WINDOWS\System32\sechost.dll
0x00007ffbdeb20000 - 0x00007ffbdec37000 	C:\WINDOWS\System32\RPCRT4.dll
0x00007ffbde8c0000 - 0x00007ffbdea6e000 	C:\WINDOWS\System32\USER32.dll
0x00007ffbdd720000 - 0x00007ffbdd746000 	C:\WINDOWS\System32\win32u.dll
0x00007ffbc0550000 - 0x00007ffbc07e3000 	C:\WINDOWS\WinSxS\amd64_microsoft.windows.common-controls_6595b64144ccf1df_6.0.22621.2215_none_270d72677387dfc3\COMCTL32.dll
0x00007ffbe00b0000 - 0x00007ffbe00d9000 	C:\WINDOWS\System32\GDI32.dll
0x00007ffbdd750000 - 0x00007ffbdd868000 	C:\WINDOWS\System32\gdi32full.dll
0x00007ffbdde00000 - 0x00007ffbdde9a000 	C:\WINDOWS\System32\msvcp_win.dll
0x00007ffbd03e0000 - 0x00007ffbd03ea000 	C:\WINDOWS\SYSTEM32\VERSION.dll
0x00007ffbdec40000 - 0x00007ffbdec71000 	C:\WINDOWS\System32\IMM32.DLL
0x00007ffbd48c0000 - 0x00007ffbd48cc000 	C:\Tools\jdk-17.0.8_windows-x64_bin\jdk-17.0.8\bin\vcruntime140_1.dll
0x00007ffb955e0000 - 0x00007ffb9566e000 	C:\Tools\jdk-17.0.8_windows-x64_bin\jdk-17.0.8\bin\msvcp140.dll
0x00007ffb6b090000 - 0x00007ffb6bc6e000 	C:\Tools\jdk-17.0.8_windows-x64_bin\jdk-17.0.8\bin\server\jvm.dll
0x00007ffbde1e0000 - 0x00007ffbde1e8000 	C:\WINDOWS\System32\PSAPI.DLL
0x00007ffbd2070000 - 0x00007ffbd20a4000 	C:\WINDOWS\SYSTEM32\WINMM.dll
0x00007ffbc3a50000 - 0x00007ffbc3a59000 	C:\WINDOWS\SYSTEM32\WSOCK32.dll
0x00007ffbe0200000 - 0x00007ffbe0271000 	C:\WINDOWS\System32\WS2_32.dll
0x00007ffbdc770000 - 0x00007ffbdc788000 	C:\WINDOWS\SYSTEM32\kernel.appcore.dll
0x00007ffbd3560000 - 0x00007ffbd356a000 	C:\Tools\jdk-17.0.8_windows-x64_bin\jdk-17.0.8\bin\jimage.dll
0x00007ffbd7800000 - 0x00007ffbd7a2e000 	C:\WINDOWS\SYSTEM32\DBGHELP.DLL
0x00007ffbdfd20000 - 0x00007ffbe00aa000 	C:\WINDOWS\System32\combase.dll
0x00007ffbde100000 - 0x00007ffbde1d7000 	C:\WINDOWS\System32\OLEAUT32.dll
0x00007ffbbab80000 - 0x00007ffbbabb2000 	C:\WINDOWS\SYSTEM32\dbgcore.DLL
0x00007ffbddfc0000 - 0x00007ffbde03a000 	C:\WINDOWS\System32\bcryptPrimitives.dll
0x00007ffbbffe0000 - 0x00007ffbbffee000 	C:\Tools\jdk-17.0.8_windows-x64_bin\jdk-17.0.8\bin\instrument.dll
0x00007ffbb4a40000 - 0x00007ffbb4a65000 	C:\Tools\jdk-17.0.8_windows-x64_bin\jdk-17.0.8\bin\java.dll
0x00007ffb824c0000 - 0x00007ffb82597000 	C:\Tools\jdk-17.0.8_windows-x64_bin\jdk-17.0.8\bin\jsvml.dll
0x00007ffbdeca0000 - 0x00007ffbdf4c3000 	C:\WINDOWS\System32\SHELL32.dll
0x00007ffbdb6b0000 - 0x00007ffbdbf9a000 	C:\WINDOWS\SYSTEM32\windows.storage.dll
0x00007ffbdb570000 - 0x00007ffbdb6ae000 	C:\WINDOWS\SYSTEM32\wintypes.dll
0x00007ffbde5b0000 - 0x00007ffbde6a3000 	C:\WINDOWS\System32\SHCORE.dll
0x00007ffbdf630000 - 0x00007ffbdf68e000 	C:\WINDOWS\System32\shlwapi.dll
0x00007ffbdd650000 - 0x00007ffbdd676000 	C:\WINDOWS\SYSTEM32\profapi.dll
0x00007ffba25f0000 - 0x00007ffba2608000 	C:\Tools\jdk-17.0.8_windows-x64_bin\jdk-17.0.8\bin\zip.dll
0x00007ffba20a0000 - 0x00007ffba20b9000 	C:\Tools\jdk-17.0.8_windows-x64_bin\jdk-17.0.8\bin\net.dll
0x00007ffbd67e0000 - 0x00007ffbd6917000 	C:\WINDOWS\SYSTEM32\WINHTTP.dll
0x00007ffbdcbf0000 - 0x00007ffbdcc59000 	C:\WINDOWS\system32\mswsock.dll
0x00007ffba1c50000 - 0x00007ffba1c66000 	C:\Tools\jdk-17.0.8_windows-x64_bin\jdk-17.0.8\bin\nio.dll
0x00007ffbbff70000 - 0x00007ffbbff80000 	C:\Tools\jdk-17.0.8_windows-x64_bin\jdk-17.0.8\bin\verify.dll
0x00007ffbc3540000 - 0x00007ffbc3567000 	C:\Users\mceci\.gradle\native\68d5fa5c4cc2d200863cafc0d521ce42e7d3e7ee720ec0a83991735586a16f82\windows-amd64\native-platform.dll
0x00007ffb82370000 - 0x00007ffb824b4000 	C:\Users\mceci\.gradle\native\e376f236ea51e6404a007f0833ffe2c6e607c4080706a723a18a27aeea778392\windows-amd64\native-platform-file-events.dll
0x00007ffbbef90000 - 0x00007ffbbef9a000 	C:\Tools\jdk-17.0.8_windows-x64_bin\jdk-17.0.8\bin\management.dll
0x00007ffbbc510000 - 0x00007ffbbc51b000 	C:\Tools\jdk-17.0.8_windows-x64_bin\jdk-17.0.8\bin\management_ext.dll
0x00007ffbdce40000 - 0x00007ffbdce5b000 	C:\WINDOWS\SYSTEM32\CRYPTSP.dll
0x00007ffbdc6e0000 - 0x00007ffbdc715000 	C:\WINDOWS\system32\rsaenh.dll
0x00007ffbdcce0000 - 0x00007ffbdcd0c000 	C:\WINDOWS\SYSTEM32\USERENV.dll
0x00007ffbdd000000 - 0x00007ffbdd028000 	C:\WINDOWS\SYSTEM32\bcrypt.dll
0x00007ffbdce60000 - 0x00007ffbdce6c000 	C:\WINDOWS\SYSTEM32\CRYPTBASE.dll
0x00007ffbdc240000 - 0x00007ffbdc26d000 	C:\WINDOWS\SYSTEM32\IPHLPAPI.DLL
0x00007ffbdf690000 - 0x00007ffbdf699000 	C:\WINDOWS\System32\NSI.dll
0x00007ffbd15a0000 - 0x00007ffbd15b9000 	C:\WINDOWS\SYSTEM32\dhcpcsvc6.DLL
0x00007ffbd0cf0000 - 0x00007ffbd0d0f000 	C:\WINDOWS\SYSTEM32\dhcpcsvc.DLL
0x00007ffbdc270000 - 0x00007ffbdc362000 	C:\WINDOWS\SYSTEM32\DNSAPI.dll
0x00007ffbbaa70000 - 0x00007ffbbaa7e000 	C:\Tools\jdk-17.0.8_windows-x64_bin\jdk-17.0.8\bin\sunmscapi.dll
0x00007ffbdd8e0000 - 0x00007ffbdda46000 	C:\WINDOWS\System32\CRYPT32.dll
0x00007ffbdcfd0000 - 0x00007ffbdcffe000 	C:\WINDOWS\SYSTEM32\ncrypt.dll
0x00007ffbdcf90000 - 0x00007ffbdcfc7000 	C:\WINDOWS\SYSTEM32\NTASN1.dll
0x00007ffbc1140000 - 0x00007ffbc1148000 	C:\WINDOWS\system32\wshunix.dll

dbghelp: loaded successfully - version: 4.0.5 - missing functions: none
symbol engine: initialized successfully - sym options: 0x614 - pdb path: .;C:\Tools\jdk-17.0.8_windows-x64_bin\jdk-17.0.8\bin;C:\WINDOWS\SYSTEM32;C:\WINDOWS\WinSxS\amd64_microsoft.windows.common-controls_6595b64144ccf1df_6.0.22621.2215_none_270d72677387dfc3;C:\Tools\jdk-17.0.8_windows-x64_bin\jdk-17.0.8\bin\server;C:\Users\mceci\.gradle\native\68d5fa5c4cc2d200863cafc0d521ce42e7d3e7ee720ec0a83991735586a16f82\windows-amd64;C:\Users\mceci\.gradle\native\e376f236ea51e6404a007f0833ffe2c6e607c4080706a723a18a27aeea778392\windows-amd64

VM Arguments:
jvm_args: --add-opens=java.base/java.util=ALL-UNNAMED --add-opens=java.base/java.lang=ALL-UNNAMED --add-opens=java.base/java.lang.invoke=ALL-UNNAMED --add-opens=java.prefs/java.util.prefs=ALL-UNNAMED --add-opens=java.base/java.nio.charset=ALL-UNNAMED --add-opens=java.base/java.net=ALL-UNNAMED --add-opens=java.base/java.util.concurrent.atomic=ALL-UNNAMED -XX:MaxMetaspaceSize=384m -XX:+HeapDumpOnOutOfMemoryError -Xms256m -Xmx512m -Dfile.encoding=windows-1252 -Duser.country=AR -Duser.language=es -Duser.variant -javaagent:C:\Tools\gradle-8.3-bin\gradle-8.3\lib\agents\gradle-instrumentation-agent-8.3.jar 
java_command: org.gradle.launcher.daemon.bootstrap.GradleDaemon 8.3
java_class_path (initial): C:\Tools\gradle-8.3-bin\gradle-8.3\lib\gradle-launcher-8.3.jar
Launcher Type: SUN_STANDARD

[Global flags]
     intx CICompilerCount                          = 4                                         {product} {ergonomic}
   size_t CompressedClassSpaceSize                 = 335544320                                 {product} {ergonomic}
     uint ConcGCThreads                            = 2                                         {product} {ergonomic}
     uint G1ConcRefinementThreads                  = 8                                         {product} {ergonomic}
   size_t G1HeapRegionSize                         = 1048576                                   {product} {ergonomic}
    uintx GCDrainStackTargetSize                   = 64                                        {product} {ergonomic}
     bool HeapDumpOnOutOfMemoryError               = true                                   {manageable} {command line}
   size_t InitialHeapSize                          = 268435456                                 {product} {command line}
   size_t MarkStackSize                            = 4194304                                   {product} {ergonomic}
   size_t MaxHeapSize                              = 536870912                                 {product} {command line}
   size_t MaxMetaspaceSize                         = 402653184                                 {product} {command line}
   size_t MaxNewSize                               = 321912832                                 {product} {ergonomic}
   size_t MinHeapDeltaBytes                        = 1048576                                   {product} {ergonomic}
   size_t MinHeapSize                              = 268435456                                 {product} {command line}
    uintx NonNMethodCodeHeapSize                   = 5839372                                {pd product} {ergonomic}
    uintx NonProfiledCodeHeapSize                  = 122909434                              {pd product} {ergonomic}
    uintx ProfiledCodeHeapSize                     = 122909434                              {pd product} {ergonomic}
    uintx ReservedCodeCacheSize                    = 251658240                              {pd product} {ergonomic}
     bool SegmentedCodeCache                       = true                                      {product} {ergonomic}
   size_t SoftMaxHeapSize                          = 536870912                              {manageable} {ergonomic}
     bool UseCompressedClassPointers               = true                           {product lp64_product} {ergonomic}
     bool UseCompressedOops                        = true                           {product lp64_product} {ergonomic}
     bool UseG1GC                                  = true                                      {product} {ergonomic}
     bool UseLargePagesIndividualAllocation        = false                                  {pd product} {ergonomic}

Logging:
Log output configuration:
 #0: stdout all=warning uptime,level,tags
 #1: stderr all=off uptime,level,tags

Environment Variables:
JAVA_HOME=C:\Tools\jdk-17.0.8_windows-x64_bin\jdk-17.0.8
CLASSPATH=C:\Tools\gradle-8.3-bin\gradle-8.3\lib\gradle-launcher-8.3.jar
PATH=C:\WINDOWS\system32;C:\WINDOWS;C:\WINDOWS\System32\Wbem;"C:\WINDOWS\System32\WindowsPowerShell\v1.0\;";C:\WINDOWS\System32\OpenSSH\;C:\Tools\jdk-17.0.8_windows-x64_bin\jdk-17.0.8\bin;C:\Tools\gradle-8.3-bin\gradle-8.3\bin;C:\Program Files\Common Files\Oracle\Java\javapath;C:\Program Files (x86)\Intel\Intel(R) Management Engine Components\DAL;C:\Program Files\Intel\Intel(R) Management Engine Components\DAL;C:\Program Files\MySQL\MySQL Server 5.7\bin;C:\Program Files\nodejs\;C:\ProgramData\chocolatey\bin;C:\Tools\apache-maven-3.9.4-bin\apache-maven-3.9.4\bin;C:\Program Files\Git\cmd;C:\Program Files\MySQL\MySQL Shell 8.0\bin\;C:\Users\mceci\AppData\Local\Microsoft\WindowsApps;C:\Users\mceci\AppData\Local\Programs\Microsoft VS Code\bin;C:\Program Files\JetBrains\IntelliJ IDEA Community Edition 2023.2.1\bin;;C:\Users\mceci\AppData\Roaming\npm;C:\Users\mceci\AppData\Local\GitHubDesktop\bin
USERNAME=Magali Gil
OS=Windows_NT
PROCESSOR_IDENTIFIER=Intel64 Family 6 Model 142 Stepping 11, GenuineIntel



---------------  S Y S T E M  ---------------

OS:
 Windows 11 , 64 bit Build 22621 (10.0.22621.2215)
OS uptime: 4 days 12:03 hours

CPU: total 8 (initial active 8) (4 cores per cpu, 2 threads per core) family 6 model 142 stepping 11 microcode 0xde, cx8, cmov, fxsr, ht, mmx, 3dnowpref, sse, sse2, sse3, ssse3, sse4.1, sse4.2, popcnt, lzcnt, tsc, tscinvbit, avx, avx2, aes, erms, clmul, bmi1, bmi2, adx, fma, vzeroupper, clflush, clflushopt

Memory: 4k page, system-wide physical 8013M (921M free)
TotalPageFile size 19043M (AvailPageFile size 3M)
current process WorkingSet (physical memory assigned to process): 213M, peak: 213M
current process commit charge ("private bytes"): 436M, peak: 436M

vm_info: Java HotSpot(TM) 64-Bit Server VM (17.0.8+9-LTS-211) for windows-amd64 JRE (17.0.8+9-LTS-211), built on Jun 14 2023 10:34:31 by "mach5one" with MS VC++ 17.1 (VS2022)

END.
