#
# There is insufficient memory for the Java Runtime Environment to continue.
# Native memory allocation (mmap) failed to map 132120576 bytes for G1 virtual space
# Possible reasons:
#   The system is out of physical RAM or swap space
#   The process is running with CompressedOops enabled, and the Java Heap may be blocking the growth of the native heap
# Possible solutions:
#   Reduce memory load on the system
#   Increase physical memory or swap space
#   Check if swap backing store is full
#   Decrease Java heap size (-Xmx/-Xms)
#   Decrease number of Java threads
#   Decrease Java thread stack sizes (-Xss)
#   Set larger code cache with -XX:ReservedCodeCacheSize=
#   JVM is running with Unscaled Compressed Oops mode in which the Java heap is
#     placed in the first 4GB address space. The Java Heap base address is the
#     maximum limit for the native heap growth. Please use -XX:HeapBaseMinAddress
#     to set the Java Heap base and to place the Java Heap above 4GB virtual address.
# This output file may be truncated or incomplete.
#
#  Out of Memory Error (os_windows.cpp:3550), pid=26692, tid=20420
#
# JRE version:  (17.0.8+9) (build )
# Java VM: Java HotSpot(TM) 64-Bit Server VM (17.0.8+9-LTS-211, mixed mode, sharing, tiered, compressed oops, compressed class ptrs, g1 gc, windows-amd64)
# No core dump will be written. Minidumps are not enabled by default on client versions of Windows
#

---------------  S U M M A R Y ------------

Command Line: -Dorg.gradle.internal.worker.tmpdir=C:\Proyectos Ajpa\APIRESTsp\demo\build\tmp\test\work -Dorg.gradle.native=false -Xmx512m -Dfile.encoding=windows-1252 -Duser.country=AR -Duser.language=es -Duser.variant -ea worker.org.gradle.process.internal.worker.GradleWorkerMain 'Gradle Test Executor 1'

Host: Intel(R) Core(TM) i5-8265U CPU @ 1.60GHz, 8 cores, 7G,  Windows 11 , 64 bit Build 22621 (10.0.22621.2215)
Time: Wed Oct 11 22:22:44 2023 Hora estándar de Argentina elapsed time: 0.034977 seconds (0d 0h 0m 0s)

---------------  T H R E A D  ---------------

Current thread (0x00000221d7ce6050):  JavaThread "Unknown thread" [_thread_in_vm, id=20420, stack(0x0000004730300000,0x0000004730400000)]

Stack: [0x0000004730300000,0x0000004730400000]
Native frames: (J=compiled Java code, j=interpreted, Vv=VM code, C=native code)
V  [jvm.dll+0x677d0a]
V  [jvm.dll+0x7d8c54]
V  [jvm.dll+0x7da3fe]
V  [jvm.dll+0x7daa63]
V  [jvm.dll+0x245c5f]
V  [jvm.dll+0x674bb9]
V  [jvm.dll+0x6694f2]
V  [jvm.dll+0x3031d6]
V  [jvm.dll+0x30a756]
V  [jvm.dll+0x359f9e]
V  [jvm.dll+0x35a1cf]
V  [jvm.dll+0x2da3e8]
V  [jvm.dll+0x2db354]
V  [jvm.dll+0x7aa711]
V  [jvm.dll+0x367b51]
V  [jvm.dll+0x789979]
V  [jvm.dll+0x3eb05f]
V  [jvm.dll+0x3ecae1]
C  [jli.dll+0x5297]
C  [ucrtbase.dll+0x29363]
C  [KERNEL32.DLL+0x1257d]
C  [ntdll.dll+0x5aa68]


---------------  P R O C E S S  ---------------

Threads class SMR info:
_java_thread_list=0x00007ffb6bb459d8, length=0, elements={
}

Java Threads: ( => current thread )

Other Threads:
  0x00000221d7d19500 GCTaskThread "GC Thread#0" [stack: 0x0000004730400000,0x0000004730500000] [id=20020]
  0x00000221d7d1c420 ConcurrentGCThread "G1 Main Marker" [stack: 0x0000004730500000,0x0000004730600000] [id=13048]
  0x00000221d7d1f5f0 ConcurrentGCThread "G1 Conc#0" [stack: 0x0000004730600000,0x0000004730700000] [id=28616]

[error occurred during error reporting (printing all threads), id 0xc0000005, EXCEPTION_ACCESS_VIOLATION (0xc0000005) at pc=0x00007ffb6b37b047]

VM state: not at safepoint (not fully initialized)

VM Mutex/Monitor currently owned by a thread:  ([mutex/lock_event])
[0x00000221d7ce0bc0] Heap_lock - owner thread: 0x00000221d7ce6050

Heap address: 0x00000000e0000000, size: 512 MB, Compressed Oops mode: 32-bit

CDS archive(s) mapped at: [0x0000000000000000-0x0000000000000000-0x0000000000000000), size 0, SharedBaseAddress: 0x0000000800000000, ArchiveRelocationMode: 1.
Narrow klass base: 0x0000000000000000, Narrow klass shift: 0, Narrow klass range: 0x0

GC Precious Log:
<Empty>

Heap:
 garbage-first heap   total 0K, used 0K [0x00000000e0000000, 0x0000000100000000)
  region size 1024K, 0 young (0K), 0 survivors (0K)

[error occurred during error reporting (printing heap information), id 0xc0000005, EXCEPTION_ACCESS_VIOLATION (0xc0000005) at pc=0x00007ffb6b761499]

GC Heap History (0 events):
No events

Deoptimization events (0 events):
No events

Classes unloaded (0 events):
No events

Classes redefined (0 events):
No events

Internal exceptions (0 events):
No events

VM Operations (0 events):
No events

Events (1 events):
Event: 0.018 Loaded shared library C:\Tools\jdk-17.0.8_windows-x64_bin\jdk-17.0.8\bin\java.dll


Dynamic libraries:
0x00007ff7945c0000 - 0x00007ff7945d0000 	C:\Tools\jdk-17.0.8_windows-x64_bin\jdk-17.0.8\bin\java.exe
0x00007ffbe0370000 - 0x00007ffbe0584000 	C:\WINDOWS\SYSTEM32\ntdll.dll
0x00007ffbdf4d0000 - 0x00007ffbdf594000 	C:\WINDOWS\System32\KERNEL32.DLL
0x00007ffbdda50000 - 0x00007ffbdddf4000 	C:\WINDOWS\System32\KERNELBASE.dll
0x00007ffbddea0000 - 0x00007ffbddfb1000 	C:\WINDOWS\System32\ucrtbase.dll
0x00007ffbc3aa0000 - 0x00007ffbc3ab9000 	C:\Tools\jdk-17.0.8_windows-x64_bin\jdk-17.0.8\bin\jli.dll
0x00007ffbdea70000 - 0x00007ffbdeb20000 	C:\WINDOWS\System32\ADVAPI32.dll
0x00007ffbe0280000 - 0x00007ffbe0327000 	C:\WINDOWS\System32\msvcrt.dll
0x00007ffbb8a70000 - 0x00007ffbb8a8b000 	C:\Tools\jdk-17.0.8_windows-x64_bin\jdk-17.0.8\bin\VCRUNTIME140.dll
0x00007ffbde1f0000 - 0x00007ffbde296000 	C:\WINDOWS\System32\sechost.dll
0x00007ffbdeb20000 - 0x00007ffbdec37000 	C:\WINDOWS\System32\RPCRT4.dll
0x00007ffbde8c0000 - 0x00007ffbdea6e000 	C:\WINDOWS\System32\USER32.dll
0x00007ffbdd720000 - 0x00007ffbdd746000 	C:\WINDOWS\System32\win32u.dll
0x00007ffbe00b0000 - 0x00007ffbe00d9000 	C:\WINDOWS\System32\GDI32.dll
0x00007ffbc0550000 - 0x00007ffbc07e3000 	C:\WINDOWS\WinSxS\amd64_microsoft.windows.common-controls_6595b64144ccf1df_6.0.22621.2215_none_270d72677387dfc3\COMCTL32.dll
0x00007ffbdd750000 - 0x00007ffbdd868000 	C:\WINDOWS\System32\gdi32full.dll
0x00007ffbdde00000 - 0x00007ffbdde9a000 	C:\WINDOWS\System32\msvcp_win.dll
0x00007ffbd03e0000 - 0x00007ffbd03ea000 	C:\WINDOWS\SYSTEM32\VERSION.dll
0x00007ffbdec40000 - 0x00007ffbdec71000 	C:\WINDOWS\System32\IMM32.DLL
0x00007ffbd48c0000 - 0x00007ffbd48cc000 	C:\Tools\jdk-17.0.8_windows-x64_bin\jdk-17.0.8\bin\vcruntime140_1.dll
0x00007ffb955e0000 - 0x00007ffb9566e000 	C:\Tools\jdk-17.0.8_windows-x64_bin\jdk-17.0.8\bin\msvcp140.dll
0x00007ffb6b090000 - 0x00007ffb6bc6e000 	C:\Tools\jdk-17.0.8_windows-x64_bin\jdk-17.0.8\bin\server\jvm.dll
0x00007ffbde1e0000 - 0x00007ffbde1e8000 	C:\WINDOWS\System32\PSAPI.DLL
0x00007ffbc3a50000 - 0x00007ffbc3a59000 	C:\WINDOWS\SYSTEM32\WSOCK32.dll
0x00007ffbd2070000 - 0x00007ffbd20a4000 	C:\WINDOWS\SYSTEM32\WINMM.dll
0x00007ffbe0200000 - 0x00007ffbe0271000 	C:\WINDOWS\System32\WS2_32.dll
0x00007ffbdc770000 - 0x00007ffbdc788000 	C:\WINDOWS\SYSTEM32\kernel.appcore.dll
0x00007ffbd3560000 - 0x00007ffbd356a000 	C:\Tools\jdk-17.0.8_windows-x64_bin\jdk-17.0.8\bin\jimage.dll
0x00007ffbd7800000 - 0x00007ffbd7a2e000 	C:\WINDOWS\SYSTEM32\DBGHELP.DLL
0x00007ffbdfd20000 - 0x00007ffbe00aa000 	C:\WINDOWS\System32\combase.dll
0x00007ffbde100000 - 0x00007ffbde1d7000 	C:\WINDOWS\System32\OLEAUT32.dll
0x00007ffbbab80000 - 0x00007ffbbabb2000 	C:\WINDOWS\SYSTEM32\dbgcore.DLL
0x00007ffbddfc0000 - 0x00007ffbde03a000 	C:\WINDOWS\System32\bcryptPrimitives.dll
0x00007ffbb4a40000 - 0x00007ffbb4a65000 	C:\Tools\jdk-17.0.8_windows-x64_bin\jdk-17.0.8\bin\java.dll

dbghelp: loaded successfully - version: 4.0.5 - missing functions: none
symbol engine: initialized successfully - sym options: 0x614 - pdb path: .;C:\Tools\jdk-17.0.8_windows-x64_bin\jdk-17.0.8\bin;C:\WINDOWS\SYSTEM32;C:\WINDOWS\WinSxS\amd64_microsoft.windows.common-controls_6595b64144ccf1df_6.0.22621.2215_none_270d72677387dfc3;C:\Tools\jdk-17.0.8_windows-x64_bin\jdk-17.0.8\bin\server

VM Arguments:
jvm_args: -Dorg.gradle.internal.worker.tmpdir=C:\Proyectos Ajpa\APIRESTsp\demo\build\tmp\test\work -Dorg.gradle.native=false -Xmx512m -Dfile.encoding=windows-1252 -Duser.country=AR -Duser.language=es -Duser.variant -ea 
java_command: worker.org.gradle.process.internal.worker.GradleWorkerMain 'Gradle Test Executor 1'
java_class_path (initial): C:\Users\mceci\.gradle\caches\8.3\workerMain\gradle-worker.jar;C:\Proyectos Ajpa\APIRESTsp\demo\build\classes\java\test;C:\Proyectos Ajpa\APIRESTsp\demo\build\classes\java\main;C:\Proyectos Ajpa\APIRESTsp\demo\build\resources\main;C:\Users\mceci\.gradle\caches\modules-2\files-2.1\org.springframework.boot\spring-boot-starter-data-jpa\3.1.4\f01d5f2ecbfef3159879c4a8450b49620ffb96c\spring-boot-starter-data-jpa-3.1.4.jar;C:\Users\mceci\.gradle\caches\modules-2\files-2.1\org.springframework.boot\spring-boot-starter-web\3.1.4\a0da0751207173c93f9e92e74cae430b53544576\spring-boot-starter-web-3.1.4.jar;C:\Users\mceci\.gradle\caches\modules-2\files-2.1\org.springdoc\springdoc-openapi-starter-webmvc-ui\2.1.0\f31615e90b61d18a46a701d5c10e9e505a49a984\springdoc-openapi-starter-webmvc-ui-2.1.0.jar;C:\Users\mceci\.gradle\caches\modules-2\files-2.1\com.h2database\h2\2.1.214\d5c2005c9e3279201e12d4776c948578b16bf8b2\h2-2.1.214.jar;C:\Users\mceci\.gradle\caches\modules-2\files-2.1\org.springframework.boot\spring-boot-starter-test\3.1.4\1990ee664a265366b09ac723002f72697ebd0925\spring-boot-starter-test-3.1.4.jar;C:\Users\mceci\.gradle\caches\modules-2\files-2.1\com.tngtech.archunit\archunit-junit5\1.1.0\ce69215159260811b2436afdadbcfaa6b842d665\archunit-junit5-1.1.0.jar;C:\Users\mceci\.gradle\caches\modules-2\files-2.1\org.junit.platform\junit-platform-launcher\1.9.3\485650bfe2a2f39b606a6ca013285afda2eaee79\junit-platform-launcher-1.9.3.jar;C:\Users\mceci\.gradle\caches\modules-2\files-2.1\org.mockito\mockito-junit-jupiter\5.3.1\d6ac0f6d54addf02def4ba1213f73a15ae6c2308\mockito-junit-jupiter-5.3.1.jar;C:\Users\mceci\.gradle\caches\modules-2\files-2.1\org.junit.jupiter\junit-jupiter-params\5.9.3\9e2a4bf6016a1975f408a73523392875cff7c26f\junit-jupiter-params-5.9.3.jar;C:\Users\mceci\.gradle\caches\modules-2\files-2.1\org.junit.jupiter\junit-jupiter-engine\5.9.3\355322b03bf39306a183162cd06626c206f0286b\junit-jupiter-engine-5.9.3.jar;C:\Users\mceci\.gradle\caches\mod
Launcher Type: SUN_STANDARD

[Global flags]
     intx CICompilerCount                          = 4                                         {product} {ergonomic}
     uint ConcGCThreads                            = 2                                         {product} {ergonomic}
     uint G1ConcRefinementThreads                  = 8                                         {product} {ergonomic}
   size_t G1HeapRegionSize                         = 1048576                                   {product} {ergonomic}
    uintx GCDrainStackTargetSize                   = 64                                        {product} {ergonomic}
   size_t InitialHeapSize                          = 132120576                                 {product} {ergonomic}
   size_t MarkStackSize                            = 4194304                                   {product} {ergonomic}
   size_t MaxHeapSize                              = 536870912                                 {product} {command line}
   size_t MinHeapDeltaBytes                        = 1048576                                   {product} {ergonomic}
   size_t MinHeapSize                              = 8388608                                   {product} {ergonomic}
    uintx NonNMethodCodeHeapSize                   = 5839372                                {pd product} {ergonomic}
    uintx NonProfiledCodeHeapSize                  = 122909434                              {pd product} {ergonomic}
    uintx ProfiledCodeHeapSize                     = 122909434                              {pd product} {ergonomic}
    uintx ReservedCodeCacheSize                    = 251658240                              {pd product} {ergonomic}
     bool SegmentedCodeCache                       = true                                      {product} {ergonomic}
   size_t SoftMaxHeapSize                          = 536870912                              {manageable} {ergonomic}
     bool UseCompressedClassPointers               = true                           {product lp64_product} {ergonomic}
     bool UseCompressedOops                        = true                           {product lp64_product} {ergonomic}
     bool UseG1GC                                  = true                                      {product} {ergonomic}
     bool UseLargePagesIndividualAllocation        = false                                  {pd product} {ergonomic}

Logging:
Log output configuration:
 #0: stdout all=warning uptime,level,tags
 #1: stderr all=off uptime,level,tags

Environment Variables:
JAVA_HOME=C:\Tools\jdk-17.0.8_windows-x64_bin\jdk-17.0.8
CLASSPATH=C:\Tools\gradle-8.3-bin\gradle-8.3\lib\gradle-launcher-8.3.jar
PATH=C:\WINDOWS\system32;C:\WINDOWS;C:\WINDOWS\System32\Wbem;"C:\WINDOWS\System32\WindowsPowerShell\v1.0\;";C:\WINDOWS\System32\OpenSSH\;C:\Tools\jdk-17.0.8_windows-x64_bin\jdk-17.0.8\bin;C:\Tools\gradle-8.3-bin\gradle-8.3\bin;C:\Program Files\Common Files\Oracle\Java\javapath;C:\Program Files (x86)\Intel\Intel(R) Management Engine Components\DAL;C:\Program Files\Intel\Intel(R) Management Engine Components\DAL;C:\Program Files\MySQL\MySQL Server 5.7\bin;C:\Program Files\nodejs\;C:\ProgramData\chocolatey\bin;C:\Tools\apache-maven-3.9.4-bin\apache-maven-3.9.4\bin;C:\Program Files\Git\cmd;C:\Program Files\MySQL\MySQL Shell 8.0\bin\;C:\Users\mceci\AppData\Local\Microsoft\WindowsApps;C:\Users\mceci\AppData\Local\Programs\Microsoft VS Code\bin;C:\Program Files\JetBrains\IntelliJ IDEA Community Edition 2023.2.1\bin;;C:\Users\mceci\AppData\Roaming\npm;C:\Users\mceci\AppData\Local\GitHubDesktop\bin
USERNAME=Magali Gil
OS=Windows_NT
PROCESSOR_IDENTIFIER=Intel64 Family 6 Model 142 Stepping 11, GenuineIntel



---------------  S Y S T E M  ---------------

OS:
 Windows 11 , 64 bit Build 22621 (10.0.22621.2215)
OS uptime: 4 days 12:05 hours

CPU: total 8 (initial active 8) (4 cores per cpu, 2 threads per core) family 6 model 142 stepping 11 microcode 0xde, cx8, cmov, fxsr, ht, mmx, 3dnowpref, sse, sse2, sse3, ssse3, sse4.1, sse4.2, popcnt, lzcnt, tsc, tscinvbit, avx, avx2, aes, erms, clmul, bmi1, bmi2, adx, fma, vzeroupper, clflush, clflushopt

Memory: 4k page, system-wide physical 8013M (517M free)
TotalPageFile size 19043M (AvailPageFile size 46M)
current process WorkingSet (physical memory assigned to process): 11M, peak: 11M
current process commit charge ("private bytes"): 59M, peak: 185M

vm_info: Java HotSpot(TM) 64-Bit Server VM (17.0.8+9-LTS-211) for windows-amd64 JRE (17.0.8+9-LTS-211), built on Jun 14 2023 10:34:31 by "mach5one" with MS VC++ 17.1 (VS2022)

END.
